<?xml version="1.0" encoding="UTF-8" ?>
<testsuite tests="1" failures="1" name="testDAO.TestCase" time="1.394" errors="0" skipped="0">
  <properties>
[...]
</properties>
  <testcase classname="testDAO.TestCase" name="testDAO.TestCase.testMapper" time="1.394">
    <failure message="Error creating bean with name &apos;userDAO&apos; defined in file [/Users/dachuan/Projects58Core/springbootcode/mapper/mapper/target/classes/dao/UserDAO.class]: Unsatisfied dependency expressed through bean property &apos;sqlSessionFactory&apos;; nested exception is org.springframework.beans.factory.BeanCreationException: Error creating bean with name &apos;sqlSessionFactory&apos; defined in class path resource [spring-mybatis.xml]: Cannot resolve reference to bean &apos;dataSource&apos; while setting bean property &apos;dataSource&apos;; nested exception is org.springframework.beans.factory.BeanCreationException: Error creating bean with name &apos;dataSource&apos; defined in class path resource [spring-mybatis.xml]: Invocation of init method failed; nested exception is java.sql.SQLException: Access denied for user &apos;root&apos;@&apos;localhost&apos; (using password: YES)" type="org.springframework.beans.factory.UnsatisfiedDependencyException">org.springframework.beans.factory.UnsatisfiedDependencyException: Error creating bean with name &apos;userDAO&apos; defined in file [/Users/dachuan/Projects58Core/springbootcode/mapper/mapper/target/classes/dao/UserDAO.class]: Unsatisfied dependency expressed through bean property &apos;sqlSessionFactory&apos;; nested exception is org.springframework.beans.factory.BeanCreationException: Error creating bean with name &apos;sqlSessionFactory&apos; defined in class path resource [spring-mybatis.xml]: Cannot resolve reference to bean &apos;dataSource&apos; while setting bean property &apos;dataSource&apos;; nested exception is org.springframework.beans.factory.BeanCreationException: Error creating bean with name &apos;dataSource&apos; defined in class path resource [spring-mybatis.xml]: Invocation of init method failed; nested exception is java.sql.SQLException: Access denied for user &apos;root&apos;@&apos;localhost&apos; (using password: YES)
	at org.springframework.beans.factory.support.AbstractAutowireCapableBeanFactory.autowireByType(AbstractAutowireCapableBeanFactory.java:1439)
	at org.springframework.beans.factory.support.AbstractAutowireCapableBeanFactory.populateBean(AbstractAutowireCapableBeanFactory.java:1326)
	at org.springframework.beans.factory.support.AbstractAutowireCapableBeanFactory.doCreateBean(AbstractAutowireCapableBeanFactory.java:582)
	at org.springframework.beans.factory.support.AbstractAutowireCapableBeanFactory.createBean(AbstractAutowireCapableBeanFactory.java:502)
	at org.springframework.beans.factory.support.AbstractBeanFactory.lambda$doGetBean$0(AbstractBeanFactory.java:312)
	at org.springframework.beans.factory.support.DefaultSingletonBeanRegistry.getSingleton(DefaultSingletonBeanRegistry.java:228)
	at org.springframework.beans.factory.support.AbstractBeanFactory.doGetBean(AbstractBeanFactory.java:310)
	at org.springframework.beans.factory.support.AbstractBeanFactory.getBean(AbstractBeanFactory.java:200)
	at org.springframework.beans.factory.support.DefaultListableBeanFactory.preInstantiateSingletons(DefaultListableBeanFactory.java:742)
	at org.springframework.context.support.AbstractApplicationContext.finishBeanFactoryInitialization(AbstractApplicationContext.java:868)
	at org.springframework.context.support.AbstractApplicationContext.refresh(AbstractApplicationContext.java:549)
	at org.springframework.context.support.ClassPathXmlApplicationContext.&lt;init&gt;(ClassPathXmlApplicationContext.java:144)
	at org.springframework.context.support.ClassPathXmlApplicationContext.&lt;init&gt;(ClassPathXmlApplicationContext.java:85)
	at testDAO.TestCase.testMapper(TestCase.java:13)
Caused by: org.springframework.beans.factory.BeanCreationException: Error creating bean with name &apos;sqlSessionFactory&apos; defined in class path resource [spring-mybatis.xml]: Cannot resolve reference to bean &apos;dataSource&apos; while setting bean property &apos;dataSource&apos;; nested exception is org.springframework.beans.factory.BeanCreationException: Error creating bean with name &apos;dataSource&apos; defined in class path resource [spring-mybatis.xml]: Invocation of init method failed; nested exception is java.sql.SQLException: Access denied for user &apos;root&apos;@&apos;localhost&apos; (using password: YES)
	at org.springframework.beans.factory.support.BeanDefinitionValueResolver.resolveReference(BeanDefinitionValueResolver.java:378)
	at org.springframework.beans.factory.support.BeanDefinitionValueResolver.resolveValueIfNecessary(BeanDefinitionValueResolver.java:110)
	at org.springframework.beans.factory.support.AbstractAutowireCapableBeanFactory.applyPropertyValues(AbstractAutowireCapableBeanFactory.java:1613)
	at org.springframework.beans.factory.support.AbstractAutowireCapableBeanFactory.populateBean(AbstractAutowireCapableBeanFactory.java:1357)
	at org.springframework.beans.factory.support.AbstractAutowireCapableBeanFactory.doCreateBean(AbstractAutowireCapableBeanFactory.java:582)
	at org.springframework.beans.factory.support.AbstractAutowireCapableBeanFactory.createBean(AbstractAutowireCapableBeanFactory.java:502)
	at org.springframework.beans.factory.support.AbstractBeanFactory.lambda$doGetBean$0(AbstractBeanFactory.java:312)
	at org.springframework.beans.factory.support.DefaultSingletonBeanRegistry.getSingleton(DefaultSingletonBeanRegistry.java:228)
	at org.springframework.beans.factory.support.AbstractBeanFactory.doGetBean(AbstractBeanFactory.java:310)
	at org.springframework.beans.factory.support.AbstractBeanFactory.getBean(AbstractBeanFactory.java:200)
	at org.springframework.beans.factory.config.DependencyDescriptor.resolveCandidate(DependencyDescriptor.java:251)
	at org.springframework.beans.factory.support.DefaultListableBeanFactory.doResolveDependency(DefaultListableBeanFactory.java:1135)
	at org.springframework.beans.factory.support.DefaultListableBeanFactory.resolveDependency(DefaultListableBeanFactory.java:1062)
	at org.springframework.beans.factory.support.AbstractAutowireCapableBeanFactory.autowireByType(AbstractAutowireCapableBeanFactory.java:1424)
	... 31 more
Caused by: org.springframework.beans.factory.BeanCreationException: Error creating bean with name &apos;dataSource&apos; defined in class path resource [spring-mybatis.xml]: Invocation of init method failed; nested exception is java.sql.SQLException: Access denied for user &apos;root&apos;@&apos;localhost&apos; (using password: YES)
	at org.springframework.beans.factory.support.AbstractAutowireCapableBeanFactory.initializeBean(AbstractAutowireCapableBeanFactory.java:1710)
	at org.springframework.beans.factory.support.AbstractAutowireCapableBeanFactory.doCreateBean(AbstractAutowireCapableBeanFactory.java:583)
	at org.springframework.beans.factory.support.AbstractAutowireCapableBeanFactory.createBean(AbstractAutowireCapableBeanFactory.java:502)
	at org.springframework.beans.factory.support.AbstractBeanFactory.lambda$doGetBean$0(AbstractBeanFactory.java:312)
	at org.springframework.beans.factory.support.DefaultSingletonBeanRegistry.getSingleton(DefaultSingletonBeanRegistry.java:228)
	at org.springframework.beans.factory.support.AbstractBeanFactory.doGetBean(AbstractBeanFactory.java:310)
	at org.springframework.beans.factory.support.AbstractBeanFactory.getBean(AbstractBeanFactory.java:200)
	at org.springframework.beans.factory.support.BeanDefinitionValueResolver.resolveReference(BeanDefinitionValueResolver.java:367)
	... 44 more
Caused by: java.sql.SQLException: Access denied for user &apos;root&apos;@&apos;localhost&apos; (using password: YES)
	at com.mysql.cj.jdbc.exceptions.SQLError.createSQLException(SQLError.java:127)
	at com.mysql.cj.jdbc.exceptions.SQLError.createSQLException(SQLError.java:95)
	at com.mysql.cj.jdbc.exceptions.SQLExceptionsMapping.translateException(SQLExceptionsMapping.java:122)
	at com.mysql.cj.jdbc.ConnectionImpl.createNewIO(ConnectionImpl.java:862)
	at com.mysql.cj.jdbc.ConnectionImpl.&lt;init&gt;(ConnectionImpl.java:444)
	at com.mysql.cj.jdbc.ConnectionImpl.getInstance(ConnectionImpl.java:230)
	at com.mysql.cj.jdbc.NonRegisteringDriver.connect(NonRegisteringDriver.java:226)
	at com.alibaba.druid.pool.DruidAbstractDataSource.createPhysicalConnection(DruidAbstractDataSource.java:1510)
	at com.alibaba.druid.pool.DruidAbstractDataSource.createPhysicalConnection(DruidAbstractDataSource.java:1575)
	at com.alibaba.druid.pool.DruidDataSource.init(DruidDataSource.java:854)
	at sun.reflect.NativeMethodAccessorImpl.invoke0(Native Method)
	at sun.reflect.NativeMethodAccessorImpl.invoke(NativeMethodAccessorImpl.java:62)
	at sun.reflect.DelegatingMethodAccessorImpl.invoke(DelegatingMethodAccessorImpl.java:43)
	at java.lang.reflect.Method.invoke(Method.java:498)
	at org.springframework.beans.factory.support.AbstractAutowireCapableBeanFactory.invokeCustomInitMethod(AbstractAutowireCapableBeanFactory.java:1835)
	at org.springframework.beans.factory.support.AbstractAutowireCapableBeanFactory.invokeInitMethods(AbstractAutowireCapableBeanFactory.java:1778)
	at org.springframework.beans.factory.support.AbstractAutowireCapableBeanFactory.initializeBean(AbstractAutowireCapableBeanFactory.java:1706)
	... 51 more
</failure>
    <system-out>16:26:31.329 [main] DEBUG org.springframework.core.env.StandardEnvironment - Adding PropertySource &apos;systemProperties&apos; with lowest search precedence
16:26:31.332 [main] DEBUG org.springframework.core.env.StandardEnvironment - Adding PropertySource &apos;systemEnvironment&apos; with lowest search precedence
16:26:31.332 [main] DEBUG org.springframework.core.env.StandardEnvironment - Initialized StandardEnvironment with PropertySources [MapPropertySource@1663619914 {name=&apos;systemProperties&apos;, properties={java.runtime.name=Java(TM) SE Runtime Environment, sun.boot.library.path=/Library/Java/JavaVirtualMachines/jdk1.8.0_221.jdk/Contents/Home/jre/lib, java.vm.version=25.221-b11, gopherProxySet=false, java.vm.vendor=Oracle Corporation, java.vendor.url=http://java.oracle.com/, path.separator=:, java.vm.name=Java HotSpot(TM) 64-Bit Server VM, file.encoding.pkg=sun.io, user.country=CN, sun.java.launcher=SUN_STANDARD, sun.os.patch.level=unknown, java.vm.specification.name=Java Virtual Machine Specification, user.dir=/Users/dachuan/Projects58Core/springbootcode/mapper/mapper, java.runtime.version=1.8.0_221-b11, basedir=/Users/dachuan/Projects58Core/springbootcode/mapper/mapper, java.awt.graphicsenv=sun.awt.CGraphicsEnvironment, java.endorsed.dirs=/Library/Java/JavaVirtualMachines/jdk1.8.0_221.jdk/Contents/Home/jre/lib/endorsed, os.arch=x86_64, surefire.real.class.path=/Users/dachuan/Projects58Core/springbootcode/mapper/mapper/target/surefire/surefirebooter7442585431238819830.jar, java.io.tmpdir=/var/folders/78/5vbc9b2x3h93j13ssk5_jcc80000gn/T/, line.separator=
, java.vm.specification.vendor=Oracle Corporation, os.name=Mac OS X, sun.jnu.encoding=UTF-8, java.library.path=/Users/dachuan/Library/Java/Extensions:/Library/Java/Extensions:/Network/Library/Java/Extensions:/System/Library/Java/Extensions:/usr/lib/java:., surefire.test.class.path=/Users/dachuan/Projects58Core/springbootcode/mapper/mapper/target/test-classes:/Users/dachuan/Projects58Core/springbootcode/mapper/mapper/target/classes:/Users/dachuan/.m2/repository/org/mybatis/mybatis/3.4.5/mybatis-3.4.5.jar:/Users/dachuan/.m2/repository/org/mybatis/mybatis-spring/1.3.1/mybatis-spring-1.3.1.jar:/Users/dachuan/.m2/repository/org/springframework/spring-webmvc/5.0.2.RELEASE/spring-webmvc-5.0.2.RELEASE.jar:/Users/dachuan/.m2/repository/org/springframework/spring-aop/5.0.2.RELEASE/spring-aop-5.0.2.RELEASE.jar:/Users/dachuan/.m2/repository/org/springframework/spring-beans/5.0.2.RELEASE/spring-beans-5.0.2.RELEASE.jar:/Users/dachuan/.m2/repository/org/springframework/spring-context/5.0.2.RELEASE/spring-context-5.0.2.RELEASE.jar:/Users/dachuan/.m2/repository/org/springframework/spring-core/5.0.2.RELEASE/spring-core-5.0.2.RELEASE.jar:/Users/dachuan/.m2/repository/org/springframework/spring-jcl/5.0.2.RELEASE/spring-jcl-5.0.2.RELEASE.jar:/Users/dachuan/.m2/repository/org/springframework/spring-expression/5.0.2.RELEASE/spring-expression-5.0.2.RELEASE.jar:/Users/dachuan/.m2/repository/org/springframework/spring-web/5.0.2.RELEASE/spring-web-5.0.2.RELEASE.jar:/Users/dachuan/.m2/repository/org/springframework/spring-tx/5.0.2.RELEASE/spring-tx-5.0.2.RELEASE.jar:/Users/dachuan/.m2/repository/org/apache/logging/log4j/log4j-core/2.7/log4j-core-2.7.jar:/Users/dachuan/.m2/repository/org/apache/logging/log4j/log4j-api/2.7/log4j-api-2.7.jar:/Users/dachuan/.m2/repository/com/alibaba/druid/1.1.6/druid-1.1.6.jar:/Users/dachuan/.m2/repository/org/springframework/spring-jdbc/5.0.2.RELEASE/spring-jdbc-5.0.2.RELEASE.jar:/Users/dachuan/.m2/repository/mysql/mysql-connector-java/8.0.11/mysql-connector-java-8.0.11.jar:/Users/dachuan/.m2/repository/com/google/protobuf/protobuf-java/2.6.0/protobuf-java-2.6.0.jar:/Users/dachuan/.m2/repository/org/junit/jupiter/junit-jupiter/5.6.0-M1/junit-jupiter-5.6.0-M1.jar:/Users/dachuan/.m2/repository/org/junit/jupiter/junit-jupiter-api/5.6.0-M1/junit-jupiter-api-5.6.0-M1.jar:/Users/dachuan/.m2/repository/org/apiguardian/apiguardian-api/1.1.0/apiguardian-api-1.1.0.jar:/Users/dachuan/.m2/repository/org/opentest4j/opentest4j/1.2.0/opentest4j-1.2.0.jar:/Users/dachuan/.m2/repository/org/junit/platform/junit-platform-commons/1.6.0-M1/junit-platform-commons-1.6.0-M1.jar:/Users/dachuan/.m2/repository/org/junit/jupiter/junit-jupiter-params/5.6.0-M1/junit-jupiter-params-5.6.0-M1.jar:/Users/dachuan/.m2/repository/org/junit/jupiter/junit-jupiter-engine/5.6.0-M1/junit-jupiter-engine-5.6.0-M1.jar:/Users/dachuan/.m2/repository/org/junit/platform/junit-platform-engine/1.6.0-M1/junit-platform-engine-1.6.0-M1.jar:, java.specification.name=Java Platform API Specification, java.class.version=52.0, sun.management.compiler=HotSpot 64-Bit Tiered Compilers, os.version=10.15.3, user.home=/Users/dachuan, user.timezone=Asia/Shanghai, java.awt.printerjob=sun.lwawt.macosx.CPrinterJob, file.encoding=UTF-8, java.specification.version=1.8, java.class.path=/Users/dachuan/Projects58Core/springbootcode/mapper/mapper/target/test-classes:/Users/dachuan/Projects58Core/springbootcode/mapper/mapper/target/classes:/Users/dachuan/.m2/repository/org/mybatis/mybatis/3.4.5/mybatis-3.4.5.jar:/Users/dachuan/.m2/repository/org/mybatis/mybatis-spring/1.3.1/mybatis-spring-1.3.1.jar:/Users/dachuan/.m2/repository/org/springframework/spring-webmvc/5.0.2.RELEASE/spring-webmvc-5.0.2.RELEASE.jar:/Users/dachuan/.m2/repository/org/springframework/spring-aop/5.0.2.RELEASE/spring-aop-5.0.2.RELEASE.jar:/Users/dachuan/.m2/repository/org/springframework/spring-beans/5.0.2.RELEASE/spring-beans-5.0.2.RELEASE.jar:/Users/dachuan/.m2/repository/org/springframework/spring-context/5.0.2.RELEASE/spring-context-5.0.2.RELEASE.jar:/Users/dachuan/.m2/repository/org/springframework/spring-core/5.0.2.RELEASE/spring-core-5.0.2.RELEASE.jar:/Users/dachuan/.m2/repository/org/springframework/spring-jcl/5.0.2.RELEASE/spring-jcl-5.0.2.RELEASE.jar:/Users/dachuan/.m2/repository/org/springframework/spring-expression/5.0.2.RELEASE/spring-expression-5.0.2.RELEASE.jar:/Users/dachuan/.m2/repository/org/springframework/spring-web/5.0.2.RELEASE/spring-web-5.0.2.RELEASE.jar:/Users/dachuan/.m2/repository/org/springframework/spring-tx/5.0.2.RELEASE/spring-tx-5.0.2.RELEASE.jar:/Users/dachuan/.m2/repository/org/apache/logging/log4j/log4j-core/2.7/log4j-core-2.7.jar:/Users/dachuan/.m2/repository/org/apache/logging/log4j/log4j-api/2.7/log4j-api-2.7.jar:/Users/dachuan/.m2/repository/com/alibaba/druid/1.1.6/druid-1.1.6.jar:/Users/dachuan/.m2/repository/org/springframework/spring-jdbc/5.0.2.RELEASE/spring-jdbc-5.0.2.RELEASE.jar:/Users/dachuan/.m2/repository/mysql/mysql-connector-java/8.0.11/mysql-connector-java-8.0.11.jar:/Users/dachuan/.m2/repository/com/google/protobuf/protobuf-java/2.6.0/protobuf-java-2.6.0.jar:/Users/dachuan/.m2/repository/org/junit/jupiter/junit-jupiter/5.6.0-M1/junit-jupiter-5.6.0-M1.jar:/Users/dachuan/.m2/repository/org/junit/jupiter/junit-jupiter-api/5.6.0-M1/junit-jupiter-api-5.6.0-M1.jar:/Users/dachuan/.m2/repository/org/apiguardian/apiguardian-api/1.1.0/apiguardian-api-1.1.0.jar:/Users/dachuan/.m2/repository/org/opentest4j/opentest4j/1.2.0/opentest4j-1.2.0.jar:/Users/dachuan/.m2/repository/org/junit/platform/junit-platform-commons/1.6.0-M1/junit-platform-commons-1.6.0-M1.jar:/Users/dachuan/.m2/repository/org/junit/jupiter/junit-jupiter-params/5.6.0-M1/junit-jupiter-params-5.6.0-M1.jar:/Users/dachuan/.m2/repository/org/junit/jupiter/junit-jupiter-engine/5.6.0-M1/junit-jupiter-engine-5.6.0-M1.jar:/Users/dachuan/.m2/repository/org/junit/platform/junit-platform-engine/1.6.0-M1/junit-platform-engine-1.6.0-M1.jar:, user.name=dachuan, idea.version2019.2.1=true, java.vm.specification.version=1.8, sun.java.command=/Users/dachuan/Projects58Core/springbootcode/mapper/mapper/target/surefire/surefirebooter7442585431238819830.jar /Users/dachuan/Projects58Core/springbootcode/mapper/mapper/target/surefire/surefire8291453619581729453tmp /Users/dachuan/Projects58Core/springbootcode/mapper/mapper/target/surefire/surefire_01862365134283001763tmp, java.home=/Library/Java/JavaVirtualMachines/jdk1.8.0_221.jdk/Contents/Home/jre, sun.arch.data.model=64, user.language=zh, java.specification.vendor=Oracle Corporation, awt.toolkit=sun.lwawt.macosx.LWCToolkit, java.vm.info=mixed mode, java.version=1.8.0_221, java.ext.dirs=/Users/dachuan/Library/Java/Extensions:/Library/Java/JavaVirtualMachines/jdk1.8.0_221.jdk/Contents/Home/jre/lib/ext:/Library/Java/Extensions:/Network/Library/Java/Extensions:/System/Library/Java/Extensions:/usr/lib/java, sun.boot.class.path=/Library/Java/JavaVirtualMachines/jdk1.8.0_221.jdk/Contents/Home/jre/lib/resources.jar:/Library/Java/JavaVirtualMachines/jdk1.8.0_221.jdk/Contents/Home/jre/lib/rt.jar:/Library/Java/JavaVirtualMachines/jdk1.8.0_221.jdk/Contents/Home/jre/lib/sunrsasign.jar:/Library/Java/JavaVirtualMachines/jdk1.8.0_221.jdk/Contents/Home/jre/lib/jsse.jar:/Library/Java/JavaVirtualMachines/jdk1.8.0_221.jdk/Contents/Home/jre/lib/jce.jar:/Library/Java/JavaVirtualMachines/jdk1.8.0_221.jdk/Contents/Home/jre/lib/charsets.jar:/Library/Java/JavaVirtualMachines/jdk1.8.0_221.jdk/Contents/Home/jre/lib/jfr.jar:/Library/Java/JavaVirtualMachines/jdk1.8.0_221.jdk/Contents/Home/jre/classes, java.vendor=Oracle Corporation, localRepository=/Users/dachuan/.m2/repository, file.separator=/, java.vendor.url.bug=http://bugreport.sun.com/bugreport/, sun.io.unicode.encoding=UnicodeBig, sun.cpu.endian=little, sun.cpu.isalist=}}, SystemEnvironmentPropertySource@341748265 {name=&apos;systemEnvironment&apos;, properties={PATH=/usr/local/opt/gettext/bin:/usr/local/bin:/usr/bin:/bin:/usr/sbin:/sbin, SHELL=/bin/zsh, JAVA_MAIN_CLASS_35194=org.apache.maven.surefire.booter.ForkedBooter, JAVA_MAIN_CLASS_35192=org.codehaus.classworlds.Launcher, PAGER=less, LSCOLORS=Gxfxcxdxbxegedabagacad, OLDPWD=/Users/dachuan/Projects58Core/springbootcode/mapper/mapper, USER=dachuan, ZSH=/Users/dachuan/.oh-my-zsh, TMPDIR=/var/folders/78/5vbc9b2x3h93j13ssk5_jcc80000gn/T/, SSH_AUTH_SOCK=/private/tmp/com.apple.launchd.XJsXKaU6TX/Listeners, XPC_FLAGS=0x0, VERSIONER_PYTHON_VERSION=2.7, __CF_USER_TEXT_ENCODING=0x1F5:0x19:0x34, LOGNAME=dachuan, LESS=-R, LC_CTYPE=zh_CN.UTF-8, XPC_SERVICE_NAME=0, PWD=/Users/dachuan/Projects58Core/springbootcode/mapper/mapper, HOME=/Users/dachuan, SHLVL=1, _=/Library/Java/JavaVirtualMachines/jdk1.8.0_221.jdk/Contents/Home/jre/bin/java}}]
16:26:31.337 [main] INFO  org.springframework.context.support.ClassPathXmlApplicationContext - Refreshing org.springframework.context.support.ClassPathXmlApplicationContext@70b0b186: startup date [Sun Feb 16 16:26:31 CST 2020]; root of context hierarchy
16:26:31.361 [main] DEBUG org.springframework.core.env.StandardEnvironment - Adding PropertySource &apos;systemProperties&apos; with lowest search precedence
16:26:31.361 [main] DEBUG org.springframework.core.env.StandardEnvironment - Adding PropertySource &apos;systemEnvironment&apos; with lowest search precedence
16:26:31.362 [main] DEBUG org.springframework.core.env.StandardEnvironment - Initialized StandardEnvironment with PropertySources [MapPropertySource@247944893 {name=&apos;systemProperties&apos;, properties={java.runtime.name=Java(TM) SE Runtime Environment, sun.boot.library.path=/Library/Java/JavaVirtualMachines/jdk1.8.0_221.jdk/Contents/Home/jre/lib, java.vm.version=25.221-b11, gopherProxySet=false, java.vm.vendor=Oracle Corporation, java.vendor.url=http://java.oracle.com/, path.separator=:, java.vm.name=Java HotSpot(TM) 64-Bit Server VM, file.encoding.pkg=sun.io, user.country=CN, sun.java.launcher=SUN_STANDARD, sun.os.patch.level=unknown, java.vm.specification.name=Java Virtual Machine Specification, user.dir=/Users/dachuan/Projects58Core/springbootcode/mapper/mapper, java.runtime.version=1.8.0_221-b11, basedir=/Users/dachuan/Projects58Core/springbootcode/mapper/mapper, java.awt.graphicsenv=sun.awt.CGraphicsEnvironment, java.endorsed.dirs=/Library/Java/JavaVirtualMachines/jdk1.8.0_221.jdk/Contents/Home/jre/lib/endorsed, os.arch=x86_64, surefire.real.class.path=/Users/dachuan/Projects58Core/springbootcode/mapper/mapper/target/surefire/surefirebooter7442585431238819830.jar, java.io.tmpdir=/var/folders/78/5vbc9b2x3h93j13ssk5_jcc80000gn/T/, line.separator=
, java.vm.specification.vendor=Oracle Corporation, os.name=Mac OS X, sun.jnu.encoding=UTF-8, java.library.path=/Users/dachuan/Library/Java/Extensions:/Library/Java/Extensions:/Network/Library/Java/Extensions:/System/Library/Java/Extensions:/usr/lib/java:., surefire.test.class.path=/Users/dachuan/Projects58Core/springbootcode/mapper/mapper/target/test-classes:/Users/dachuan/Projects58Core/springbootcode/mapper/mapper/target/classes:/Users/dachuan/.m2/repository/org/mybatis/mybatis/3.4.5/mybatis-3.4.5.jar:/Users/dachuan/.m2/repository/org/mybatis/mybatis-spring/1.3.1/mybatis-spring-1.3.1.jar:/Users/dachuan/.m2/repository/org/springframework/spring-webmvc/5.0.2.RELEASE/spring-webmvc-5.0.2.RELEASE.jar:/Users/dachuan/.m2/repository/org/springframework/spring-aop/5.0.2.RELEASE/spring-aop-5.0.2.RELEASE.jar:/Users/dachuan/.m2/repository/org/springframework/spring-beans/5.0.2.RELEASE/spring-beans-5.0.2.RELEASE.jar:/Users/dachuan/.m2/repository/org/springframework/spring-context/5.0.2.RELEASE/spring-context-5.0.2.RELEASE.jar:/Users/dachuan/.m2/repository/org/springframework/spring-core/5.0.2.RELEASE/spring-core-5.0.2.RELEASE.jar:/Users/dachuan/.m2/repository/org/springframework/spring-jcl/5.0.2.RELEASE/spring-jcl-5.0.2.RELEASE.jar:/Users/dachuan/.m2/repository/org/springframework/spring-expression/5.0.2.RELEASE/spring-expression-5.0.2.RELEASE.jar:/Users/dachuan/.m2/repository/org/springframework/spring-web/5.0.2.RELEASE/spring-web-5.0.2.RELEASE.jar:/Users/dachuan/.m2/repository/org/springframework/spring-tx/5.0.2.RELEASE/spring-tx-5.0.2.RELEASE.jar:/Users/dachuan/.m2/repository/org/apache/logging/log4j/log4j-core/2.7/log4j-core-2.7.jar:/Users/dachuan/.m2/repository/org/apache/logging/log4j/log4j-api/2.7/log4j-api-2.7.jar:/Users/dachuan/.m2/repository/com/alibaba/druid/1.1.6/druid-1.1.6.jar:/Users/dachuan/.m2/repository/org/springframework/spring-jdbc/5.0.2.RELEASE/spring-jdbc-5.0.2.RELEASE.jar:/Users/dachuan/.m2/repository/mysql/mysql-connector-java/8.0.11/mysql-connector-java-8.0.11.jar:/Users/dachuan/.m2/repository/com/google/protobuf/protobuf-java/2.6.0/protobuf-java-2.6.0.jar:/Users/dachuan/.m2/repository/org/junit/jupiter/junit-jupiter/5.6.0-M1/junit-jupiter-5.6.0-M1.jar:/Users/dachuan/.m2/repository/org/junit/jupiter/junit-jupiter-api/5.6.0-M1/junit-jupiter-api-5.6.0-M1.jar:/Users/dachuan/.m2/repository/org/apiguardian/apiguardian-api/1.1.0/apiguardian-api-1.1.0.jar:/Users/dachuan/.m2/repository/org/opentest4j/opentest4j/1.2.0/opentest4j-1.2.0.jar:/Users/dachuan/.m2/repository/org/junit/platform/junit-platform-commons/1.6.0-M1/junit-platform-commons-1.6.0-M1.jar:/Users/dachuan/.m2/repository/org/junit/jupiter/junit-jupiter-params/5.6.0-M1/junit-jupiter-params-5.6.0-M1.jar:/Users/dachuan/.m2/repository/org/junit/jupiter/junit-jupiter-engine/5.6.0-M1/junit-jupiter-engine-5.6.0-M1.jar:/Users/dachuan/.m2/repository/org/junit/platform/junit-platform-engine/1.6.0-M1/junit-platform-engine-1.6.0-M1.jar:, java.specification.name=Java Platform API Specification, java.class.version=52.0, sun.management.compiler=HotSpot 64-Bit Tiered Compilers, os.version=10.15.3, user.home=/Users/dachuan, user.timezone=Asia/Shanghai, java.awt.printerjob=sun.lwawt.macosx.CPrinterJob, file.encoding=UTF-8, java.specification.version=1.8, java.class.path=/Users/dachuan/Projects58Core/springbootcode/mapper/mapper/target/test-classes:/Users/dachuan/Projects58Core/springbootcode/mapper/mapper/target/classes:/Users/dachuan/.m2/repository/org/mybatis/mybatis/3.4.5/mybatis-3.4.5.jar:/Users/dachuan/.m2/repository/org/mybatis/mybatis-spring/1.3.1/mybatis-spring-1.3.1.jar:/Users/dachuan/.m2/repository/org/springframework/spring-webmvc/5.0.2.RELEASE/spring-webmvc-5.0.2.RELEASE.jar:/Users/dachuan/.m2/repository/org/springframework/spring-aop/5.0.2.RELEASE/spring-aop-5.0.2.RELEASE.jar:/Users/dachuan/.m2/repository/org/springframework/spring-beans/5.0.2.RELEASE/spring-beans-5.0.2.RELEASE.jar:/Users/dachuan/.m2/repository/org/springframework/spring-context/5.0.2.RELEASE/spring-context-5.0.2.RELEASE.jar:/Users/dachuan/.m2/repository/org/springframework/spring-core/5.0.2.RELEASE/spring-core-5.0.2.RELEASE.jar:/Users/dachuan/.m2/repository/org/springframework/spring-jcl/5.0.2.RELEASE/spring-jcl-5.0.2.RELEASE.jar:/Users/dachuan/.m2/repository/org/springframework/spring-expression/5.0.2.RELEASE/spring-expression-5.0.2.RELEASE.jar:/Users/dachuan/.m2/repository/org/springframework/spring-web/5.0.2.RELEASE/spring-web-5.0.2.RELEASE.jar:/Users/dachuan/.m2/repository/org/springframework/spring-tx/5.0.2.RELEASE/spring-tx-5.0.2.RELEASE.jar:/Users/dachuan/.m2/repository/org/apache/logging/log4j/log4j-core/2.7/log4j-core-2.7.jar:/Users/dachuan/.m2/repository/org/apache/logging/log4j/log4j-api/2.7/log4j-api-2.7.jar:/Users/dachuan/.m2/repository/com/alibaba/druid/1.1.6/druid-1.1.6.jar:/Users/dachuan/.m2/repository/org/springframework/spring-jdbc/5.0.2.RELEASE/spring-jdbc-5.0.2.RELEASE.jar:/Users/dachuan/.m2/repository/mysql/mysql-connector-java/8.0.11/mysql-connector-java-8.0.11.jar:/Users/dachuan/.m2/repository/com/google/protobuf/protobuf-java/2.6.0/protobuf-java-2.6.0.jar:/Users/dachuan/.m2/repository/org/junit/jupiter/junit-jupiter/5.6.0-M1/junit-jupiter-5.6.0-M1.jar:/Users/dachuan/.m2/repository/org/junit/jupiter/junit-jupiter-api/5.6.0-M1/junit-jupiter-api-5.6.0-M1.jar:/Users/dachuan/.m2/repository/org/apiguardian/apiguardian-api/1.1.0/apiguardian-api-1.1.0.jar:/Users/dachuan/.m2/repository/org/opentest4j/opentest4j/1.2.0/opentest4j-1.2.0.jar:/Users/dachuan/.m2/repository/org/junit/platform/junit-platform-commons/1.6.0-M1/junit-platform-commons-1.6.0-M1.jar:/Users/dachuan/.m2/repository/org/junit/jupiter/junit-jupiter-params/5.6.0-M1/junit-jupiter-params-5.6.0-M1.jar:/Users/dachuan/.m2/repository/org/junit/jupiter/junit-jupiter-engine/5.6.0-M1/junit-jupiter-engine-5.6.0-M1.jar:/Users/dachuan/.m2/repository/org/junit/platform/junit-platform-engine/1.6.0-M1/junit-platform-engine-1.6.0-M1.jar:, user.name=dachuan, idea.version2019.2.1=true, java.vm.specification.version=1.8, sun.java.command=/Users/dachuan/Projects58Core/springbootcode/mapper/mapper/target/surefire/surefirebooter7442585431238819830.jar /Users/dachuan/Projects58Core/springbootcode/mapper/mapper/target/surefire/surefire8291453619581729453tmp /Users/dachuan/Projects58Core/springbootcode/mapper/mapper/target/surefire/surefire_01862365134283001763tmp, java.home=/Library/Java/JavaVirtualMachines/jdk1.8.0_221.jdk/Contents/Home/jre, sun.arch.data.model=64, user.language=zh, java.specification.vendor=Oracle Corporation, awt.toolkit=sun.lwawt.macosx.LWCToolkit, java.vm.info=mixed mode, java.version=1.8.0_221, java.ext.dirs=/Users/dachuan/Library/Java/Extensions:/Library/Java/JavaVirtualMachines/jdk1.8.0_221.jdk/Contents/Home/jre/lib/ext:/Library/Java/Extensions:/Network/Library/Java/Extensions:/System/Library/Java/Extensions:/usr/lib/java, sun.boot.class.path=/Library/Java/JavaVirtualMachines/jdk1.8.0_221.jdk/Contents/Home/jre/lib/resources.jar:/Library/Java/JavaVirtualMachines/jdk1.8.0_221.jdk/Contents/Home/jre/lib/rt.jar:/Library/Java/JavaVirtualMachines/jdk1.8.0_221.jdk/Contents/Home/jre/lib/sunrsasign.jar:/Library/Java/JavaVirtualMachines/jdk1.8.0_221.jdk/Contents/Home/jre/lib/jsse.jar:/Library/Java/JavaVirtualMachines/jdk1.8.0_221.jdk/Contents/Home/jre/lib/jce.jar:/Library/Java/JavaVirtualMachines/jdk1.8.0_221.jdk/Contents/Home/jre/lib/charsets.jar:/Library/Java/JavaVirtualMachines/jdk1.8.0_221.jdk/Contents/Home/jre/lib/jfr.jar:/Library/Java/JavaVirtualMachines/jdk1.8.0_221.jdk/Contents/Home/jre/classes, java.vendor=Oracle Corporation, localRepository=/Users/dachuan/.m2/repository, file.separator=/, java.vendor.url.bug=http://bugreport.sun.com/bugreport/, sun.io.unicode.encoding=UnicodeBig, sun.cpu.endian=little, sun.cpu.isalist=}}, SystemEnvironmentPropertySource@1014166943 {name=&apos;systemEnvironment&apos;, properties={PATH=/usr/local/opt/gettext/bin:/usr/local/bin:/usr/bin:/bin:/usr/sbin:/sbin, SHELL=/bin/zsh, JAVA_MAIN_CLASS_35194=org.apache.maven.surefire.booter.ForkedBooter, JAVA_MAIN_CLASS_35192=org.codehaus.classworlds.Launcher, PAGER=less, LSCOLORS=Gxfxcxdxbxegedabagacad, OLDPWD=/Users/dachuan/Projects58Core/springbootcode/mapper/mapper, USER=dachuan, ZSH=/Users/dachuan/.oh-my-zsh, TMPDIR=/var/folders/78/5vbc9b2x3h93j13ssk5_jcc80000gn/T/, SSH_AUTH_SOCK=/private/tmp/com.apple.launchd.XJsXKaU6TX/Listeners, XPC_FLAGS=0x0, VERSIONER_PYTHON_VERSION=2.7, __CF_USER_TEXT_ENCODING=0x1F5:0x19:0x34, LOGNAME=dachuan, LESS=-R, LC_CTYPE=zh_CN.UTF-8, XPC_SERVICE_NAME=0, PWD=/Users/dachuan/Projects58Core/springbootcode/mapper/mapper, HOME=/Users/dachuan, SHLVL=1, _=/Library/Java/JavaVirtualMachines/jdk1.8.0_221.jdk/Contents/Home/jre/bin/java}}]
16:26:31.371 [main] INFO  org.springframework.beans.factory.xml.XmlBeanDefinitionReader - Loading XML bean definitions from class path resource [spring-mybatis.xml]
16:26:31.372 [main] DEBUG org.springframework.beans.factory.xml.DefaultDocumentLoader - Using JAXP provider [com.sun.org.apache.xerces.internal.jaxp.DocumentBuilderFactoryImpl]
16:26:31.391 [main] DEBUG org.springframework.beans.factory.xml.PluggableSchemaResolver - Loading schema mappings from [META-INF/spring.schemas]
16:26:31.393 [main] DEBUG org.springframework.beans.factory.xml.PluggableSchemaResolver - Loaded schema mappings: {http://www.springframework.org/schema/tx/spring-tx-4.3.xsd=org/springframework/transaction/config/spring-tx.xsd, http://www.springframework.org/schema/tx/spring-tx-2.5.xsd=org/springframework/transaction/config/spring-tx.xsd, http://www.springframework.org/schema/cache/spring-cache-4.2.xsd=org/springframework/cache/config/spring-cache.xsd, http://www.springframework.org/schema/aop/spring-aop-4.1.xsd=org/springframework/aop/config/spring-aop.xsd, http://www.springframework.org/schema/context/spring-context-3.1.xsd=org/springframework/context/config/spring-context.xsd, http://www.springframework.org/schema/jdbc/spring-jdbc-4.1.xsd=org/springframework/jdbc/config/spring-jdbc.xsd, http://www.springframework.org/schema/util/spring-util-3.0.xsd=org/springframework/beans/factory/xml/spring-util.xsd, http://www.springframework.org/schema/mvc/spring-mvc-4.1.xsd=org/springframework/web/servlet/config/spring-mvc.xsd, http://www.springframework.org/schema/tool/spring-tool.xsd=org/springframework/beans/factory/xml/spring-tool.xsd, http://www.springframework.org/schema/aop/spring-aop-3.2.xsd=org/springframework/aop/config/spring-aop.xsd, http://mybatis.org/schema/mybatis-spring-1.2.xsd=org/mybatis/spring/config/mybatis-spring-1.2.xsd, http://www.springframework.org/schema/lang/spring-lang-4.1.xsd=org/springframework/scripting/config/spring-lang.xsd, http://www.springframework.org/schema/context/spring-context-4.0.xsd=org/springframework/context/config/spring-context.xsd, http://www.springframework.org/schema/mvc/spring-mvc-3.2.xsd=org/springframework/web/servlet/config/spring-mvc.xsd, http://www.springframework.org/schema/beans/spring-beans-4.2.xsd=org/springframework/beans/factory/xml/spring-beans.xsd, http://www.springframework.org/schema/tool/spring-tool-4.1.xsd=org/springframework/beans/factory/xml/spring-tool.xsd, http://www.springframework.org/schema/lang/spring-lang-3.2.xsd=org/springframework/scripting/config/spring-lang.xsd, http://www.springframework.org/schema/cache/spring-cache-3.2.xsd=org/springframework/cache/config/spring-cache.xsd, http://www.springframework.org/schema/jee/spring-jee-4.1.xsd=org/springframework/ejb/config/spring-jee.xsd, http://www.springframework.org/schema/jdbc/spring-jdbc-3.1.xsd=org/springframework/jdbc/config/spring-jdbc.xsd, http://www.springframework.org/schema/task/spring-task-4.2.xsd=org/springframework/scheduling/config/spring-task.xsd, http://www.springframework.org/schema/util/spring-util-2.0.xsd=org/springframework/beans/factory/xml/spring-util.xsd, http://www.springframework.org/schema/tool/spring-tool-3.2.xsd=org/springframework/beans/factory/xml/spring-tool.xsd, http://www.springframework.org/schema/context/spring-context.xsd=org/springframework/context/config/spring-context.xsd, http://www.springframework.org/schema/tx/spring-tx-4.2.xsd=org/springframework/transaction/config/spring-tx.xsd, http://www.springframework.org/schema/cache/spring-cache-4.1.xsd=org/springframework/cache/config/spring-cache.xsd, http://www.springframework.org/schema/aop/spring-aop-4.0.xsd=org/springframework/aop/config/spring-aop.xsd, http://www.springframework.org/schema/jee/spring-jee-3.2.xsd=org/springframework/ejb/config/spring-jee.xsd, http://www.springframework.org/schema/context/spring-context-3.0.xsd=org/springframework/context/config/spring-context.xsd, http://www.springframework.org/schema/jdbc/spring-jdbc-4.0.xsd=org/springframework/jdbc/config/spring-jdbc.xsd, http://www.springframework.org/schema/util/spring-util-2.5.xsd=org/springframework/beans/factory/xml/spring-util.xsd, http://www.springframework.org/schema/mvc/spring-mvc-4.0.xsd=org/springframework/web/servlet/config/spring-mvc.xsd, http://www.springframework.org/schema/util/spring-util-4.3.xsd=org/springframework/beans/factory/xml/spring-util.xsd, http://www.springframework.org/schema/beans/spring-beans-3.2.xsd=org/springframework/beans/factory/xml/spring-beans.xsd, http://www.springframework.org/schema/aop/spring-aop-3.1.xsd=org/springframework/aop/config/spring-aop.xsd, http://www.springframework.org/schema/lang/spring-lang-4.0.xsd=org/springframework/scripting/config/spring-lang.xsd, http://www.springframework.org/schema/mvc/spring-mvc.xsd=org/springframework/web/servlet/config/spring-mvc.xsd, http://www.springframework.org/schema/mvc/spring-mvc-3.1.xsd=org/springframework/web/servlet/config/spring-mvc.xsd, http://www.springframework.org/schema/beans/spring-beans-4.1.xsd=org/springframework/beans/factory/xml/spring-beans.xsd, http://www.springframework.org/schema/tool/spring-tool-4.0.xsd=org/springframework/beans/factory/xml/spring-tool.xsd, http://www.springframework.org/schema/tx/spring-tx-3.2.xsd=org/springframework/transaction/config/spring-tx.xsd, http://www.springframework.org/schema/lang/spring-lang-3.1.xsd=org/springframework/scripting/config/spring-lang.xsd, http://www.springframework.org/schema/cache/spring-cache-3.1.xsd=org/springframework/cache/config/spring-cache.xsd, http://www.springframework.org/schema/jee/spring-jee-4.0.xsd=org/springframework/ejb/config/spring-jee.xsd, http://www.springframework.org/schema/jdbc/spring-jdbc-3.0.xsd=org/springframework/jdbc/config/spring-jdbc.xsd, http://www.springframework.org/schema/task/spring-task-4.1.xsd=org/springframework/scheduling/config/spring-task.xsd, http://www.springframework.org/schema/jdbc/spring-jdbc.xsd=org/springframework/jdbc/config/spring-jdbc.xsd, http://www.springframework.org/schema/tool/spring-tool-3.1.xsd=org/springframework/beans/factory/xml/spring-tool.xsd, http://www.springframework.org/schema/tx/spring-tx-4.1.xsd=org/springframework/transaction/config/spring-tx.xsd, http://www.springframework.org/schema/cache/spring-cache-4.0.xsd=org/springframework/cache/config/spring-cache.xsd, http://www.springframework.org/schema/jee/spring-jee-3.1.xsd=org/springframework/ejb/config/spring-jee.xsd, http://www.springframework.org/schema/task/spring-task-3.2.xsd=org/springframework/scheduling/config/spring-task.xsd, http://www.springframework.org/schema/util/spring-util-4.2.xsd=org/springframework/beans/factory/xml/spring-util.xsd, http://www.springframework.org/schema/beans/spring-beans-3.1.xsd=org/springframework/beans/factory/xml/spring-beans.xsd, http://www.springframework.org/schema/util/spring-util.xsd=org/springframework/beans/factory/xml/spring-util.xsd, http://www.springframework.org/schema/aop/spring-aop-3.0.xsd=org/springframework/aop/config/spring-aop.xsd, http://www.springframework.org/schema/mvc/spring-mvc-3.0.xsd=org/springframework/web/servlet/config/spring-mvc.xsd, http://www.springframework.org/schema/beans/spring-beans-4.0.xsd=org/springframework/beans/factory/xml/spring-beans.xsd, http://www.springframework.org/schema/beans/spring-beans.xsd=org/springframework/beans/factory/xml/spring-beans.xsd, http://www.springframework.org/schema/tx/spring-tx-3.1.xsd=org/springframework/transaction/config/spring-tx.xsd, http://www.springframework.org/schema/lang/spring-lang-3.0.xsd=org/springframework/scripting/config/spring-lang.xsd, http://mybatis.org/schema/mybatis-spring.xsd=org/mybatis/spring/config/mybatis-spring-1.2.xsd, http://www.springframework.org/schema/context/spring-context-2.5.xsd=org/springframework/context/config/spring-context.xsd, http://www.springframework.org/schema/context/spring-context-4.3.xsd=org/springframework/context/config/spring-context.xsd, http://www.springframework.org/schema/task/spring-task-4.0.xsd=org/springframework/scheduling/config/spring-task.xsd, http://www.springframework.org/schema/tool/spring-tool-3.0.xsd=org/springframework/beans/factory/xml/spring-tool.xsd, http://www.springframework.org/schema/tx/spring-tx-4.0.xsd=org/springframework/transaction/config/spring-tx.xsd, http://www.springframework.org/schema/aop/spring-aop-2.0.xsd=org/springframework/aop/config/spring-aop.xsd, http://www.springframework.org/schema/jee/spring-jee-3.0.xsd=org/springframework/ejb/config/spring-jee.xsd, http://www.springframework.org/schema/task/spring-task-3.1.xsd=org/springframework/scheduling/config/spring-task.xsd, http://www.springframework.org/schema/util/spring-util-4.1.xsd=org/springframework/beans/factory/xml/spring-util.xsd, http://www.springframework.org/schema/beans/spring-beans-3.0.xsd=org/springframework/beans/factory/xml/spring-beans.xsd, http://www.springframework.org/schema/jee/spring-jee.xsd=org/springframework/ejb/config/spring-jee.xsd, http://www.springframework.org/schema/aop/spring-aop-2.5.xsd=org/springframework/aop/config/spring-aop.xsd, http://www.springframework.org/schema/aop/spring-aop-4.3.xsd=org/springframework/aop/config/spring-aop.xsd, http://www.springframework.org/schema/lang/spring-lang-2.0.xsd=org/springframework/scripting/config/spring-lang.xsd, http://www.springframework.org/schema/jdbc/spring-jdbc-4.3.xsd=org/springframework/jdbc/config/spring-jdbc.xsd, http://www.springframework.org/schema/mvc/spring-mvc-4.3.xsd=org/springframework/web/servlet/config/spring-mvc.xsd, http://www.springframework.org/schema/util/spring-util-3.2.xsd=org/springframework/beans/factory/xml/spring-util.xsd, http://www.springframework.org/schema/task/spring-task.xsd=org/springframework/scheduling/config/spring-task.xsd, http://www.springframework.org/schema/tool/spring-tool-2.0.xsd=org/springframework/beans/factory/xml/spring-tool.xsd, http://www.springframework.org/schema/tx/spring-tx-3.0.xsd=org/springframework/transaction/config/spring-tx.xsd, http://www.springframework.org/schema/lang/spring-lang-4.3.xsd=org/springframework/scripting/config/spring-lang.xsd, http://www.springframework.org/schema/lang/spring-lang-2.5.xsd=org/springframework/scripting/config/spring-lang.xsd, http://www.springframework.org/schema/context/spring-context-4.2.xsd=org/springframework/context/config/spring-context.xsd, http://www.springframework.org/schema/jee/spring-jee-2.0.xsd=org/springframework/ejb/config/spring-jee.xsd, http://www.springframework.org/schema/tool/spring-tool-4.3.xsd=org/springframework/beans/factory/xml/spring-tool.xsd, http://www.springframework.org/schema/tool/spring-tool-2.5.xsd=org/springframework/beans/factory/xml/spring-tool.xsd, http://www.springframework.org/schema/jee/spring-jee-4.3.xsd=org/springframework/ejb/config/spring-jee.xsd, http://www.springframework.org/schema/jee/spring-jee-2.5.xsd=org/springframework/ejb/config/spring-jee.xsd, http://www.springframework.org/schema/task/spring-task-3.0.xsd=org/springframework/scheduling/config/spring-task.xsd, http://www.springframework.org/schema/util/spring-util-4.0.xsd=org/springframework/beans/factory/xml/spring-util.xsd, http://www.springframework.org/schema/cache/spring-cache-4.3.xsd=org/springframework/cache/config/spring-cache.xsd, http://www.springframework.org/schema/aop/spring-aop-4.2.xsd=org/springframework/aop/config/spring-aop.xsd, http://www.springframework.org/schema/lang/spring-lang.xsd=org/springframework/scripting/config/spring-lang.xsd, http://www.springframework.org/schema/context/spring-context-3.2.xsd=org/springframework/context/config/spring-context.xsd, http://www.springframework.org/schema/jdbc/spring-jdbc-4.2.xsd=org/springframework/jdbc/config/spring-jdbc.xsd, http://www.springframework.org/schema/mvc/spring-mvc-4.2.xsd=org/springframework/web/servlet/config/spring-mvc.xsd, http://www.springframework.org/schema/util/spring-util-3.1.xsd=org/springframework/beans/factory/xml/spring-util.xsd, http://www.springframework.org/schema/beans/spring-beans-2.0.xsd=org/springframework/beans/factory/xml/spring-beans.xsd, http://www.springframework.org/schema/cache/spring-cache.xsd=org/springframework/cache/config/spring-cache.xsd, http://www.springframework.org/schema/tx/spring-tx.xsd=org/springframework/transaction/config/spring-tx.xsd, http://www.springframework.org/schema/lang/spring-lang-4.2.xsd=org/springframework/scripting/config/spring-lang.xsd, http://www.springframework.org/schema/context/spring-context-4.1.xsd=org/springframework/context/config/spring-context.xsd, http://www.springframework.org/schema/beans/spring-beans-2.5.xsd=org/springframework/beans/factory/xml/spring-beans.xsd, http://www.springframework.org/schema/beans/spring-beans-4.3.xsd=org/springframework/beans/factory/xml/spring-beans.xsd, http://www.springframework.org/schema/tool/spring-tool-4.2.xsd=org/springframework/beans/factory/xml/spring-tool.xsd, http://www.springframework.org/schema/tx/spring-tx-2.0.xsd=org/springframework/transaction/config/spring-tx.xsd, http://www.alibaba.com/schema/stat.xsd=META-INF/stat.xsd, http://www.springframework.org/schema/jee/spring-jee-4.2.xsd=org/springframework/ejb/config/spring-jee.xsd, http://www.springframework.org/schema/jdbc/spring-jdbc-3.2.xsd=org/springframework/jdbc/config/spring-jdbc.xsd, http://www.springframework.org/schema/task/spring-task-4.3.xsd=org/springframework/scheduling/config/spring-task.xsd, http://www.springframework.org/schema/aop/spring-aop.xsd=org/springframework/aop/config/spring-aop.xsd}
16:26:31.396 [main] DEBUG org.springframework.beans.factory.xml.PluggableSchemaResolver - Found XML schema [http://www.springframework.org/schema/beans/spring-beans-4.3.xsd] in classpath: org/springframework/beans/factory/xml/spring-beans.xsd
16:26:31.425 [main] DEBUG org.springframework.beans.factory.xml.PluggableSchemaResolver - Found XML schema [http://www.springframework.org/schema/context/spring-context-4.3.xsd] in classpath: org/springframework/context/config/spring-context.xsd
16:26:31.430 [main] DEBUG org.springframework.beans.factory.xml.PluggableSchemaResolver - Found XML schema [http://www.springframework.org/schema/tool/spring-tool.xsd] in classpath: org/springframework/beans/factory/xml/spring-tool.xsd
16:26:31.434 [main] DEBUG org.springframework.beans.factory.xml.PluggableSchemaResolver - Found XML schema [http://www.springframework.org/schema/util/spring-util-4.3.xsd] in classpath: org/springframework/beans/factory/xml/spring-util.xsd
16:26:31.438 [main] DEBUG org.springframework.beans.factory.xml.PluggableSchemaResolver - Found XML schema [http://www.springframework.org/schema/tx/spring-tx-4.3.xsd] in classpath: org/springframework/transaction/config/spring-tx.xsd
16:26:31.443 [main] DEBUG org.springframework.beans.factory.xml.DefaultBeanDefinitionDocumentReader - Loading bean definitions
16:26:31.447 [main] DEBUG org.springframework.beans.factory.xml.DefaultNamespaceHandlerResolver - Loaded NamespaceHandler mappings: {http://www.springframework.org/schema/p=org.springframework.beans.factory.xml.SimplePropertyNamespaceHandler, http://www.springframework.org/schema/mvc=org.springframework.web.servlet.config.MvcNamespaceHandler, http://www.springframework.org/schema/util=org.springframework.beans.factory.xml.UtilNamespaceHandler, http://www.alibaba.com/schema/stat=com.alibaba.druid.support.spring.stat.config.DruidStatNamespaceHandler, http://www.springframework.org/schema/jee=org.springframework.ejb.config.JeeNamespaceHandler, http://www.springframework.org/schema/aop=org.springframework.aop.config.AopNamespaceHandler, http://www.springframework.org/schema/jdbc=org.springframework.jdbc.config.JdbcNamespaceHandler, http://www.springframework.org/schema/cache=org.springframework.cache.config.CacheNamespaceHandler, http://mybatis.org/schema/mybatis-spring=org.mybatis.spring.config.NamespaceHandler, http://www.springframework.org/schema/c=org.springframework.beans.factory.xml.SimpleConstructorNamespaceHandler, http://www.springframework.org/schema/tx=org.springframework.transaction.config.TxNamespaceHandler, http://www.springframework.org/schema/task=org.springframework.scheduling.config.TaskNamespaceHandler, http://www.springframework.org/schema/lang=org.springframework.scripting.config.LangNamespaceHandler, http://www.springframework.org/schema/context=org.springframework.context.config.ContextNamespaceHandler}
16:26:31.460 [main] DEBUG org.springframework.core.io.support.PathMatchingResourcePatternResolver - Resolved classpath location [dao/] to resources [URL [file:/Users/dachuan/Projects58Core/springbootcode/mapper/mapper/target/classes/dao/]]
16:26:31.460 [main] DEBUG org.springframework.core.io.support.PathMatchingResourcePatternResolver - Looking for matching resources in directory tree [/Users/dachuan/Projects58Core/springbootcode/mapper/mapper/target/classes/dao]
16:26:31.460 [main] DEBUG org.springframework.core.io.support.PathMatchingResourcePatternResolver - Searching directory [/Users/dachuan/Projects58Core/springbootcode/mapper/mapper/target/classes/dao] for files matching pattern [/Users/dachuan/Projects58Core/springbootcode/mapper/mapper/target/classes/dao/**/*.class]
16:26:31.462 [main] DEBUG org.springframework.core.io.support.PathMatchingResourcePatternResolver - Resolved location pattern [classpath*:dao/**/*.class] to resources [file [/Users/dachuan/Projects58Core/springbootcode/mapper/mapper/target/classes/dao/UserDAO.class]]
16:26:31.499 [main] DEBUG org.springframework.beans.factory.xml.BeanDefinitionParserDelegate - Neither XML &apos;id&apos; nor &apos;name&apos; specified - using generated bean name [org.mybatis.spring.mapper.MapperScannerConfigurer#0]
16:26:31.505 [main] DEBUG org.springframework.beans.factory.xml.XmlBeanDefinitionReader - Loaded 16 bean definitions from location pattern [spring-mybatis.xml]
16:26:31.505 [main] DEBUG org.springframework.context.support.ClassPathXmlApplicationContext - Bean factory for org.springframework.context.support.ClassPathXmlApplicationContext@70b0b186: org.springframework.beans.factory.support.DefaultListableBeanFactory@6c6cb480: defining beans [org.springframework.context.annotation.internalConfigurationAnnotationProcessor,org.springframework.context.annotation.internalAutowiredAnnotationProcessor,org.springframework.context.annotation.internalRequiredAnnotationProcessor,org.springframework.context.annotation.internalCommonAnnotationProcessor,org.springframework.context.event.internalEventListenerProcessor,org.springframework.context.event.internalEventListenerFactory,cfg,dataSource,sqlSessionFactory,org.mybatis.spring.mapper.MapperScannerConfigurer#0,txManager,org.springframework.transaction.config.internalTransactionalEventListenerFactory,org.springframework.aop.config.internalAutoProxyCreator,org.springframework.transaction.annotation.AnnotationTransactionAttributeSource#0,org.springframework.transaction.interceptor.TransactionInterceptor#0,org.springframework.transaction.config.internalTransactionAdvisor]; root of factory hierarchy
16:26:31.526 [main] DEBUG org.springframework.beans.factory.support.DefaultListableBeanFactory - Creating shared instance of singleton bean &apos;org.springframework.context.annotation.internalConfigurationAnnotationProcessor&apos;
16:26:31.526 [main] DEBUG org.springframework.beans.factory.support.DefaultListableBeanFactory - Creating instance of bean &apos;org.springframework.context.annotation.internalConfigurationAnnotationProcessor&apos;
16:26:31.535 [main] DEBUG org.springframework.beans.factory.support.DefaultListableBeanFactory - Eagerly caching bean &apos;org.springframework.context.annotation.internalConfigurationAnnotationProcessor&apos; to allow for resolving potential circular references
16:26:31.536 [main] DEBUG org.springframework.beans.factory.support.DefaultListableBeanFactory - Finished creating instance of bean &apos;org.springframework.context.annotation.internalConfigurationAnnotationProcessor&apos;
16:26:31.573 [main] DEBUG org.springframework.beans.factory.support.DefaultListableBeanFactory - Creating shared instance of singleton bean &apos;org.mybatis.spring.mapper.MapperScannerConfigurer#0&apos;
16:26:31.574 [main] DEBUG org.springframework.beans.factory.support.DefaultListableBeanFactory - Creating instance of bean &apos;org.mybatis.spring.mapper.MapperScannerConfigurer#0&apos;
16:26:31.574 [main] DEBUG org.springframework.beans.factory.support.DefaultListableBeanFactory - Eagerly caching bean &apos;org.mybatis.spring.mapper.MapperScannerConfigurer#0&apos; to allow for resolving potential circular references
16:26:31.607 [main] DEBUG org.springframework.beans.factory.support.DefaultListableBeanFactory - Invoking afterPropertiesSet() on bean with name &apos;org.mybatis.spring.mapper.MapperScannerConfigurer#0&apos;
16:26:31.607 [main] DEBUG org.springframework.beans.factory.support.DefaultListableBeanFactory - Finished creating instance of bean &apos;org.mybatis.spring.mapper.MapperScannerConfigurer#0&apos;
16:26:31.607 [main] DEBUG org.springframework.core.env.StandardEnvironment - Adding PropertySource &apos;systemProperties&apos; with lowest search precedence
16:26:31.608 [main] DEBUG org.springframework.core.env.StandardEnvironment - Adding PropertySource &apos;systemEnvironment&apos; with lowest search precedence
16:26:31.608 [main] DEBUG org.springframework.core.env.StandardEnvironment - Initialized StandardEnvironment with PropertySources [MapPropertySource@929383713 {name=&apos;systemProperties&apos;, properties={java.runtime.name=Java(TM) SE Runtime Environment, sun.boot.library.path=/Library/Java/JavaVirtualMachines/jdk1.8.0_221.jdk/Contents/Home/jre/lib, java.vm.version=25.221-b11, gopherProxySet=false, java.vm.vendor=Oracle Corporation, java.vendor.url=http://java.oracle.com/, path.separator=:, java.vm.name=Java HotSpot(TM) 64-Bit Server VM, file.encoding.pkg=sun.io, user.country=CN, sun.java.launcher=SUN_STANDARD, sun.os.patch.level=unknown, java.vm.specification.name=Java Virtual Machine Specification, user.dir=/Users/dachuan/Projects58Core/springbootcode/mapper/mapper, java.runtime.version=1.8.0_221-b11, basedir=/Users/dachuan/Projects58Core/springbootcode/mapper/mapper, java.awt.graphicsenv=sun.awt.CGraphicsEnvironment, java.endorsed.dirs=/Library/Java/JavaVirtualMachines/jdk1.8.0_221.jdk/Contents/Home/jre/lib/endorsed, os.arch=x86_64, surefire.real.class.path=/Users/dachuan/Projects58Core/springbootcode/mapper/mapper/target/surefire/surefirebooter7442585431238819830.jar, java.io.tmpdir=/var/folders/78/5vbc9b2x3h93j13ssk5_jcc80000gn/T/, line.separator=
, java.vm.specification.vendor=Oracle Corporation, os.name=Mac OS X, sun.jnu.encoding=UTF-8, java.library.path=/Users/dachuan/Library/Java/Extensions:/Library/Java/Extensions:/Network/Library/Java/Extensions:/System/Library/Java/Extensions:/usr/lib/java:., surefire.test.class.path=/Users/dachuan/Projects58Core/springbootcode/mapper/mapper/target/test-classes:/Users/dachuan/Projects58Core/springbootcode/mapper/mapper/target/classes:/Users/dachuan/.m2/repository/org/mybatis/mybatis/3.4.5/mybatis-3.4.5.jar:/Users/dachuan/.m2/repository/org/mybatis/mybatis-spring/1.3.1/mybatis-spring-1.3.1.jar:/Users/dachuan/.m2/repository/org/springframework/spring-webmvc/5.0.2.RELEASE/spring-webmvc-5.0.2.RELEASE.jar:/Users/dachuan/.m2/repository/org/springframework/spring-aop/5.0.2.RELEASE/spring-aop-5.0.2.RELEASE.jar:/Users/dachuan/.m2/repository/org/springframework/spring-beans/5.0.2.RELEASE/spring-beans-5.0.2.RELEASE.jar:/Users/dachuan/.m2/repository/org/springframework/spring-context/5.0.2.RELEASE/spring-context-5.0.2.RELEASE.jar:/Users/dachuan/.m2/repository/org/springframework/spring-core/5.0.2.RELEASE/spring-core-5.0.2.RELEASE.jar:/Users/dachuan/.m2/repository/org/springframework/spring-jcl/5.0.2.RELEASE/spring-jcl-5.0.2.RELEASE.jar:/Users/dachuan/.m2/repository/org/springframework/spring-expression/5.0.2.RELEASE/spring-expression-5.0.2.RELEASE.jar:/Users/dachuan/.m2/repository/org/springframework/spring-web/5.0.2.RELEASE/spring-web-5.0.2.RELEASE.jar:/Users/dachuan/.m2/repository/org/springframework/spring-tx/5.0.2.RELEASE/spring-tx-5.0.2.RELEASE.jar:/Users/dachuan/.m2/repository/org/apache/logging/log4j/log4j-core/2.7/log4j-core-2.7.jar:/Users/dachuan/.m2/repository/org/apache/logging/log4j/log4j-api/2.7/log4j-api-2.7.jar:/Users/dachuan/.m2/repository/com/alibaba/druid/1.1.6/druid-1.1.6.jar:/Users/dachuan/.m2/repository/org/springframework/spring-jdbc/5.0.2.RELEASE/spring-jdbc-5.0.2.RELEASE.jar:/Users/dachuan/.m2/repository/mysql/mysql-connector-java/8.0.11/mysql-connector-java-8.0.11.jar:/Users/dachuan/.m2/repository/com/google/protobuf/protobuf-java/2.6.0/protobuf-java-2.6.0.jar:/Users/dachuan/.m2/repository/org/junit/jupiter/junit-jupiter/5.6.0-M1/junit-jupiter-5.6.0-M1.jar:/Users/dachuan/.m2/repository/org/junit/jupiter/junit-jupiter-api/5.6.0-M1/junit-jupiter-api-5.6.0-M1.jar:/Users/dachuan/.m2/repository/org/apiguardian/apiguardian-api/1.1.0/apiguardian-api-1.1.0.jar:/Users/dachuan/.m2/repository/org/opentest4j/opentest4j/1.2.0/opentest4j-1.2.0.jar:/Users/dachuan/.m2/repository/org/junit/platform/junit-platform-commons/1.6.0-M1/junit-platform-commons-1.6.0-M1.jar:/Users/dachuan/.m2/repository/org/junit/jupiter/junit-jupiter-params/5.6.0-M1/junit-jupiter-params-5.6.0-M1.jar:/Users/dachuan/.m2/repository/org/junit/jupiter/junit-jupiter-engine/5.6.0-M1/junit-jupiter-engine-5.6.0-M1.jar:/Users/dachuan/.m2/repository/org/junit/platform/junit-platform-engine/1.6.0-M1/junit-platform-engine-1.6.0-M1.jar:, java.specification.name=Java Platform API Specification, java.class.version=52.0, sun.management.compiler=HotSpot 64-Bit Tiered Compilers, os.version=10.15.3, user.home=/Users/dachuan, user.timezone=Asia/Shanghai, java.awt.printerjob=sun.lwawt.macosx.CPrinterJob, file.encoding=UTF-8, java.specification.version=1.8, java.class.path=/Users/dachuan/Projects58Core/springbootcode/mapper/mapper/target/test-classes:/Users/dachuan/Projects58Core/springbootcode/mapper/mapper/target/classes:/Users/dachuan/.m2/repository/org/mybatis/mybatis/3.4.5/mybatis-3.4.5.jar:/Users/dachuan/.m2/repository/org/mybatis/mybatis-spring/1.3.1/mybatis-spring-1.3.1.jar:/Users/dachuan/.m2/repository/org/springframework/spring-webmvc/5.0.2.RELEASE/spring-webmvc-5.0.2.RELEASE.jar:/Users/dachuan/.m2/repository/org/springframework/spring-aop/5.0.2.RELEASE/spring-aop-5.0.2.RELEASE.jar:/Users/dachuan/.m2/repository/org/springframework/spring-beans/5.0.2.RELEASE/spring-beans-5.0.2.RELEASE.jar:/Users/dachuan/.m2/repository/org/springframework/spring-context/5.0.2.RELEASE/spring-context-5.0.2.RELEASE.jar:/Users/dachuan/.m2/repository/org/springframework/spring-core/5.0.2.RELEASE/spring-core-5.0.2.RELEASE.jar:/Users/dachuan/.m2/repository/org/springframework/spring-jcl/5.0.2.RELEASE/spring-jcl-5.0.2.RELEASE.jar:/Users/dachuan/.m2/repository/org/springframework/spring-expression/5.0.2.RELEASE/spring-expression-5.0.2.RELEASE.jar:/Users/dachuan/.m2/repository/org/springframework/spring-web/5.0.2.RELEASE/spring-web-5.0.2.RELEASE.jar:/Users/dachuan/.m2/repository/org/springframework/spring-tx/5.0.2.RELEASE/spring-tx-5.0.2.RELEASE.jar:/Users/dachuan/.m2/repository/org/apache/logging/log4j/log4j-core/2.7/log4j-core-2.7.jar:/Users/dachuan/.m2/repository/org/apache/logging/log4j/log4j-api/2.7/log4j-api-2.7.jar:/Users/dachuan/.m2/repository/com/alibaba/druid/1.1.6/druid-1.1.6.jar:/Users/dachuan/.m2/repository/org/springframework/spring-jdbc/5.0.2.RELEASE/spring-jdbc-5.0.2.RELEASE.jar:/Users/dachuan/.m2/repository/mysql/mysql-connector-java/8.0.11/mysql-connector-java-8.0.11.jar:/Users/dachuan/.m2/repository/com/google/protobuf/protobuf-java/2.6.0/protobuf-java-2.6.0.jar:/Users/dachuan/.m2/repository/org/junit/jupiter/junit-jupiter/5.6.0-M1/junit-jupiter-5.6.0-M1.jar:/Users/dachuan/.m2/repository/org/junit/jupiter/junit-jupiter-api/5.6.0-M1/junit-jupiter-api-5.6.0-M1.jar:/Users/dachuan/.m2/repository/org/apiguardian/apiguardian-api/1.1.0/apiguardian-api-1.1.0.jar:/Users/dachuan/.m2/repository/org/opentest4j/opentest4j/1.2.0/opentest4j-1.2.0.jar:/Users/dachuan/.m2/repository/org/junit/platform/junit-platform-commons/1.6.0-M1/junit-platform-commons-1.6.0-M1.jar:/Users/dachuan/.m2/repository/org/junit/jupiter/junit-jupiter-params/5.6.0-M1/junit-jupiter-params-5.6.0-M1.jar:/Users/dachuan/.m2/repository/org/junit/jupiter/junit-jupiter-engine/5.6.0-M1/junit-jupiter-engine-5.6.0-M1.jar:/Users/dachuan/.m2/repository/org/junit/platform/junit-platform-engine/1.6.0-M1/junit-platform-engine-1.6.0-M1.jar:, user.name=dachuan, idea.version2019.2.1=true, java.vm.specification.version=1.8, sun.java.command=/Users/dachuan/Projects58Core/springbootcode/mapper/mapper/target/surefire/surefirebooter7442585431238819830.jar /Users/dachuan/Projects58Core/springbootcode/mapper/mapper/target/surefire/surefire8291453619581729453tmp /Users/dachuan/Projects58Core/springbootcode/mapper/mapper/target/surefire/surefire_01862365134283001763tmp, java.home=/Library/Java/JavaVirtualMachines/jdk1.8.0_221.jdk/Contents/Home/jre, sun.arch.data.model=64, user.language=zh, java.specification.vendor=Oracle Corporation, awt.toolkit=sun.lwawt.macosx.LWCToolkit, java.vm.info=mixed mode, java.version=1.8.0_221, java.ext.dirs=/Users/dachuan/Library/Java/Extensions:/Library/Java/JavaVirtualMachines/jdk1.8.0_221.jdk/Contents/Home/jre/lib/ext:/Library/Java/Extensions:/Network/Library/Java/Extensions:/System/Library/Java/Extensions:/usr/lib/java, sun.boot.class.path=/Library/Java/JavaVirtualMachines/jdk1.8.0_221.jdk/Contents/Home/jre/lib/resources.jar:/Library/Java/JavaVirtualMachines/jdk1.8.0_221.jdk/Contents/Home/jre/lib/rt.jar:/Library/Java/JavaVirtualMachines/jdk1.8.0_221.jdk/Contents/Home/jre/lib/sunrsasign.jar:/Library/Java/JavaVirtualMachines/jdk1.8.0_221.jdk/Contents/Home/jre/lib/jsse.jar:/Library/Java/JavaVirtualMachines/jdk1.8.0_221.jdk/Contents/Home/jre/lib/jce.jar:/Library/Java/JavaVirtualMachines/jdk1.8.0_221.jdk/Contents/Home/jre/lib/charsets.jar:/Library/Java/JavaVirtualMachines/jdk1.8.0_221.jdk/Contents/Home/jre/lib/jfr.jar:/Library/Java/JavaVirtualMachines/jdk1.8.0_221.jdk/Contents/Home/jre/classes, java.vendor=Oracle Corporation, localRepository=/Users/dachuan/.m2/repository, file.separator=/, java.vendor.url.bug=http://bugreport.sun.com/bugreport/, sun.io.unicode.encoding=UnicodeBig, sun.cpu.endian=little, sun.cpu.isalist=}}, SystemEnvironmentPropertySource@363509958 {name=&apos;systemEnvironment&apos;, properties={PATH=/usr/local/opt/gettext/bin:/usr/local/bin:/usr/bin:/bin:/usr/sbin:/sbin, SHELL=/bin/zsh, JAVA_MAIN_CLASS_35194=org.apache.maven.surefire.booter.ForkedBooter, JAVA_MAIN_CLASS_35192=org.codehaus.classworlds.Launcher, PAGER=less, LSCOLORS=Gxfxcxdxbxegedabagacad, OLDPWD=/Users/dachuan/Projects58Core/springbootcode/mapper/mapper, USER=dachuan, ZSH=/Users/dachuan/.oh-my-zsh, TMPDIR=/var/folders/78/5vbc9b2x3h93j13ssk5_jcc80000gn/T/, SSH_AUTH_SOCK=/private/tmp/com.apple.launchd.XJsXKaU6TX/Listeners, XPC_FLAGS=0x0, VERSIONER_PYTHON_VERSION=2.7, __CF_USER_TEXT_ENCODING=0x1F5:0x19:0x34, LOGNAME=dachuan, LESS=-R, LC_CTYPE=zh_CN.UTF-8, XPC_SERVICE_NAME=0, PWD=/Users/dachuan/Projects58Core/springbootcode/mapper/mapper, HOME=/Users/dachuan, SHLVL=1, _=/Library/Java/JavaVirtualMachines/jdk1.8.0_221.jdk/Contents/Home/jre/bin/java}}]
16:26:31.611 [main] DEBUG org.springframework.core.io.support.PathMatchingResourcePatternResolver - Resolved classpath location [dao/] to resources [URL [file:/Users/dachuan/Projects58Core/springbootcode/mapper/mapper/target/classes/dao/]]
16:26:31.611 [main] DEBUG org.springframework.core.io.support.PathMatchingResourcePatternResolver - Looking for matching resources in directory tree [/Users/dachuan/Projects58Core/springbootcode/mapper/mapper/target/classes/dao]
16:26:31.612 [main] DEBUG org.springframework.core.io.support.PathMatchingResourcePatternResolver - Searching directory [/Users/dachuan/Projects58Core/springbootcode/mapper/mapper/target/classes/dao] for files matching pattern [/Users/dachuan/Projects58Core/springbootcode/mapper/mapper/target/classes/dao/**/*.class]
16:26:31.612 [main] DEBUG org.springframework.core.io.support.PathMatchingResourcePatternResolver - Resolved location pattern [classpath*:dao/**/*.class] to resources [file [/Users/dachuan/Projects58Core/springbootcode/mapper/mapper/target/classes/dao/UserDAO.class]]
16:26:31.614 [main] DEBUG org.mybatis.spring.mapper.ClassPathMapperScanner - Identified candidate component class: file [/Users/dachuan/Projects58Core/springbootcode/mapper/mapper/target/classes/dao/UserDAO.class]
16:26:31.615 [main] DEBUG org.mybatis.spring.mapper.ClassPathMapperScanner - Creating MapperFactoryBean with name &apos;userDAO&apos; and &apos;dao.UserDAO&apos; mapperInterface
16:26:31.617 [main] DEBUG org.mybatis.spring.mapper.ClassPathMapperScanner - Enabling autowire by type for MapperFactoryBean with name &apos;userDAO&apos;.
16:26:31.623 [main] DEBUG org.springframework.beans.factory.support.DefaultListableBeanFactory - Creating shared instance of singleton bean &apos;org.springframework.context.annotation.internalAutowiredAnnotationProcessor&apos;
16:26:31.623 [main] DEBUG org.springframework.beans.factory.support.DefaultListableBeanFactory - Creating instance of bean &apos;org.springframework.context.annotation.internalAutowiredAnnotationProcessor&apos;
16:26:31.625 [main] DEBUG org.springframework.beans.factory.support.DefaultListableBeanFactory - Eagerly caching bean &apos;org.springframework.context.annotation.internalAutowiredAnnotationProcessor&apos; to allow for resolving potential circular references
16:26:31.645 [main] DEBUG org.springframework.beans.factory.support.DefaultListableBeanFactory - Finished creating instance of bean &apos;org.springframework.context.annotation.internalAutowiredAnnotationProcessor&apos;
16:26:31.645 [main] DEBUG org.springframework.beans.factory.support.DefaultListableBeanFactory - Creating shared instance of singleton bean &apos;org.springframework.context.annotation.internalRequiredAnnotationProcessor&apos;
16:26:31.645 [main] DEBUG org.springframework.beans.factory.support.DefaultListableBeanFactory - Creating instance of bean &apos;org.springframework.context.annotation.internalRequiredAnnotationProcessor&apos;
16:26:31.645 [main] DEBUG org.springframework.beans.factory.support.DefaultListableBeanFactory - Eagerly caching bean &apos;org.springframework.context.annotation.internalRequiredAnnotationProcessor&apos; to allow for resolving potential circular references
16:26:31.648 [main] DEBUG org.springframework.beans.factory.support.DefaultListableBeanFactory - Finished creating instance of bean &apos;org.springframework.context.annotation.internalRequiredAnnotationProcessor&apos;
16:26:31.648 [main] DEBUG org.springframework.beans.factory.support.DefaultListableBeanFactory - Creating shared instance of singleton bean &apos;org.springframework.context.annotation.internalCommonAnnotationProcessor&apos;
16:26:31.648 [main] DEBUG org.springframework.beans.factory.support.DefaultListableBeanFactory - Creating instance of bean &apos;org.springframework.context.annotation.internalCommonAnnotationProcessor&apos;
16:26:31.652 [main] DEBUG org.springframework.beans.factory.support.DefaultListableBeanFactory - Eagerly caching bean &apos;org.springframework.context.annotation.internalCommonAnnotationProcessor&apos; to allow for resolving potential circular references
16:26:31.660 [main] DEBUG org.springframework.beans.factory.support.DefaultListableBeanFactory - Finished creating instance of bean &apos;org.springframework.context.annotation.internalCommonAnnotationProcessor&apos;
16:26:31.661 [main] DEBUG org.springframework.beans.factory.support.DefaultListableBeanFactory - Creating shared instance of singleton bean &apos;org.springframework.aop.config.internalAutoProxyCreator&apos;
16:26:31.662 [main] DEBUG org.springframework.beans.factory.support.DefaultListableBeanFactory - Creating instance of bean &apos;org.springframework.aop.config.internalAutoProxyCreator&apos;
16:26:31.678 [main] DEBUG org.springframework.beans.factory.support.DefaultListableBeanFactory - Eagerly caching bean &apos;org.springframework.aop.config.internalAutoProxyCreator&apos; to allow for resolving potential circular references
16:26:31.691 [main] DEBUG org.springframework.beans.factory.support.DefaultListableBeanFactory - Finished creating instance of bean &apos;org.springframework.aop.config.internalAutoProxyCreator&apos;
16:26:31.693 [main] DEBUG org.springframework.context.support.ClassPathXmlApplicationContext - Unable to locate MessageSource with name &apos;messageSource&apos;: using default [org.springframework.context.support.DelegatingMessageSource@32502377]
16:26:31.695 [main] DEBUG org.springframework.context.support.ClassPathXmlApplicationContext - Unable to locate ApplicationEventMulticaster with name &apos;applicationEventMulticaster&apos;: using default [org.springframework.context.event.SimpleApplicationEventMulticaster@23c30a20]
16:26:31.696 [main] DEBUG org.springframework.beans.factory.support.DefaultListableBeanFactory - Pre-instantiating singletons in org.springframework.beans.factory.support.DefaultListableBeanFactory@6c6cb480: defining beans [org.springframework.context.annotation.internalConfigurationAnnotationProcessor,org.springframework.context.annotation.internalAutowiredAnnotationProcessor,org.springframework.context.annotation.internalRequiredAnnotationProcessor,org.springframework.context.annotation.internalCommonAnnotationProcessor,org.springframework.context.event.internalEventListenerProcessor,org.springframework.context.event.internalEventListenerFactory,cfg,dataSource,sqlSessionFactory,org.mybatis.spring.mapper.MapperScannerConfigurer#0,txManager,org.springframework.transaction.config.internalTransactionalEventListenerFactory,org.springframework.aop.config.internalAutoProxyCreator,org.springframework.transaction.annotation.AnnotationTransactionAttributeSource#0,org.springframework.transaction.interceptor.TransactionInterceptor#0,org.springframework.transaction.config.internalTransactionAdvisor,userDAO]; root of factory hierarchy
16:26:31.697 [main] DEBUG org.springframework.beans.factory.support.DefaultListableBeanFactory - Returning cached instance of singleton bean &apos;org.springframework.context.annotation.internalConfigurationAnnotationProcessor&apos;
16:26:31.697 [main] DEBUG org.springframework.beans.factory.support.DefaultListableBeanFactory - Returning cached instance of singleton bean &apos;org.springframework.context.annotation.internalAutowiredAnnotationProcessor&apos;
16:26:31.697 [main] DEBUG org.springframework.beans.factory.support.DefaultListableBeanFactory - Returning cached instance of singleton bean &apos;org.springframework.context.annotation.internalRequiredAnnotationProcessor&apos;
16:26:31.697 [main] DEBUG org.springframework.beans.factory.support.DefaultListableBeanFactory - Returning cached instance of singleton bean &apos;org.springframework.context.annotation.internalCommonAnnotationProcessor&apos;
16:26:31.697 [main] DEBUG org.springframework.beans.factory.support.DefaultListableBeanFactory - Creating shared instance of singleton bean &apos;org.springframework.context.event.internalEventListenerProcessor&apos;
16:26:31.698 [main] DEBUG org.springframework.beans.factory.support.DefaultListableBeanFactory - Creating instance of bean &apos;org.springframework.context.event.internalEventListenerProcessor&apos;
16:26:31.699 [main] DEBUG org.springframework.beans.factory.support.DefaultListableBeanFactory - Eagerly caching bean &apos;org.springframework.context.event.internalEventListenerProcessor&apos; to allow for resolving potential circular references
16:26:31.701 [main] DEBUG org.springframework.beans.factory.support.DefaultListableBeanFactory - Creating shared instance of singleton bean &apos;org.springframework.transaction.config.internalTransactionAdvisor&apos;
16:26:31.701 [main] DEBUG org.springframework.beans.factory.support.DefaultListableBeanFactory - Creating instance of bean &apos;org.springframework.transaction.config.internalTransactionAdvisor&apos;
16:26:31.703 [main] DEBUG org.springframework.beans.factory.support.DefaultListableBeanFactory - Eagerly caching bean &apos;org.springframework.transaction.config.internalTransactionAdvisor&apos; to allow for resolving potential circular references
16:26:31.711 [main] DEBUG org.springframework.beans.factory.support.DefaultListableBeanFactory - Creating shared instance of singleton bean &apos;org.springframework.transaction.annotation.AnnotationTransactionAttributeSource#0&apos;
16:26:31.711 [main] DEBUG org.springframework.beans.factory.support.DefaultListableBeanFactory - Creating instance of bean &apos;org.springframework.transaction.annotation.AnnotationTransactionAttributeSource#0&apos;
16:26:31.717 [main] DEBUG org.springframework.beans.factory.support.DefaultListableBeanFactory - Eagerly caching bean &apos;org.springframework.transaction.annotation.AnnotationTransactionAttributeSource#0&apos; to allow for resolving potential circular references
16:26:31.720 [main] DEBUG org.springframework.aop.framework.autoproxy.BeanFactoryAdvisorRetrievalHelper - Skipping currently created advisor &apos;org.springframework.transaction.config.internalTransactionAdvisor&apos;
16:26:31.723 [main] DEBUG org.springframework.beans.factory.support.DefaultListableBeanFactory - Finished creating instance of bean &apos;org.springframework.transaction.annotation.AnnotationTransactionAttributeSource#0&apos;
16:26:31.726 [main] DEBUG org.springframework.beans.factory.support.DefaultListableBeanFactory - Finished creating instance of bean &apos;org.springframework.transaction.config.internalTransactionAdvisor&apos;
16:26:31.731 [main] DEBUG org.springframework.beans.factory.support.DefaultListableBeanFactory - Finished creating instance of bean &apos;org.springframework.context.event.internalEventListenerProcessor&apos;
16:26:31.731 [main] DEBUG org.springframework.beans.factory.support.DefaultListableBeanFactory - Creating shared instance of singleton bean &apos;org.springframework.context.event.internalEventListenerFactory&apos;
16:26:31.731 [main] DEBUG org.springframework.beans.factory.support.DefaultListableBeanFactory - Creating instance of bean &apos;org.springframework.context.event.internalEventListenerFactory&apos;
16:26:31.731 [main] DEBUG org.springframework.beans.factory.support.DefaultListableBeanFactory - Eagerly caching bean &apos;org.springframework.context.event.internalEventListenerFactory&apos; to allow for resolving potential circular references
16:26:31.733 [main] DEBUG org.springframework.beans.factory.support.DefaultListableBeanFactory - Returning cached instance of singleton bean &apos;org.springframework.transaction.config.internalTransactionAdvisor&apos;
16:26:31.734 [main] DEBUG org.springframework.beans.factory.support.DefaultListableBeanFactory - Finished creating instance of bean &apos;org.springframework.context.event.internalEventListenerFactory&apos;
16:26:31.734 [main] DEBUG org.springframework.beans.factory.support.DefaultListableBeanFactory - Creating shared instance of singleton bean &apos;org.springframework.transaction.config.internalTransactionalEventListenerFactory&apos;
16:26:31.734 [main] DEBUG org.springframework.beans.factory.support.DefaultListableBeanFactory - Creating instance of bean &apos;org.springframework.transaction.config.internalTransactionalEventListenerFactory&apos;
16:26:31.734 [main] DEBUG org.springframework.beans.factory.support.DefaultListableBeanFactory - Eagerly caching bean &apos;org.springframework.transaction.config.internalTransactionalEventListenerFactory&apos; to allow for resolving potential circular references
16:26:31.736 [main] DEBUG org.springframework.beans.factory.support.DefaultListableBeanFactory - Returning cached instance of singleton bean &apos;org.springframework.transaction.config.internalTransactionAdvisor&apos;
16:26:31.737 [main] DEBUG org.springframework.beans.factory.support.DefaultListableBeanFactory - Finished creating instance of bean &apos;org.springframework.transaction.config.internalTransactionalEventListenerFactory&apos;
16:26:31.737 [main] DEBUG org.springframework.beans.factory.support.DefaultListableBeanFactory - Returning cached instance of singleton bean &apos;org.springframework.aop.config.internalAutoProxyCreator&apos;
16:26:31.737 [main] DEBUG org.springframework.beans.factory.support.DefaultListableBeanFactory - Returning cached instance of singleton bean &apos;org.springframework.transaction.annotation.AnnotationTransactionAttributeSource#0&apos;
16:26:31.737 [main] DEBUG org.springframework.beans.factory.support.DefaultListableBeanFactory - Creating shared instance of singleton bean &apos;org.springframework.transaction.interceptor.TransactionInterceptor#0&apos;
16:26:31.737 [main] DEBUG org.springframework.beans.factory.support.DefaultListableBeanFactory - Creating instance of bean &apos;org.springframework.transaction.interceptor.TransactionInterceptor#0&apos;
16:26:31.740 [main] DEBUG org.springframework.beans.factory.support.DefaultListableBeanFactory - Eagerly caching bean &apos;org.springframework.transaction.interceptor.TransactionInterceptor#0&apos; to allow for resolving potential circular references
16:26:31.747 [main] DEBUG org.springframework.beans.factory.support.DefaultListableBeanFactory - Returning cached instance of singleton bean &apos;org.springframework.transaction.annotation.AnnotationTransactionAttributeSource#0&apos;
16:26:31.748 [main] DEBUG org.springframework.beans.factory.support.DefaultListableBeanFactory - Invoking afterPropertiesSet() on bean with name &apos;org.springframework.transaction.interceptor.TransactionInterceptor#0&apos;
16:26:31.748 [main] DEBUG org.springframework.beans.factory.support.DefaultListableBeanFactory - Finished creating instance of bean &apos;org.springframework.transaction.interceptor.TransactionInterceptor#0&apos;
16:26:31.748 [main] DEBUG org.springframework.beans.factory.support.DefaultListableBeanFactory - Returning cached instance of singleton bean &apos;org.springframework.transaction.config.internalTransactionAdvisor&apos;
16:26:31.748 [main] DEBUG org.springframework.beans.factory.support.DefaultListableBeanFactory - Creating shared instance of singleton bean &apos;userDAO&apos;
16:26:31.748 [main] DEBUG org.springframework.beans.factory.support.DefaultListableBeanFactory - Creating instance of bean &apos;userDAO&apos;
16:26:31.755 [main] DEBUG org.springframework.beans.factory.support.DefaultListableBeanFactory - Eagerly caching bean &apos;userDAO&apos; to allow for resolving potential circular references
16:26:31.777 [main] DEBUG org.apache.ibatis.logging.LogFactory - Logging initialized using &apos;class org.apache.ibatis.logging.commons.JakartaCommonsLoggingImpl&apos; adapter.
16:26:31.780 [main] DEBUG org.springframework.beans.factory.support.DefaultListableBeanFactory - Creating shared instance of singleton bean &apos;sqlSessionFactory&apos;
16:26:31.780 [main] DEBUG org.springframework.beans.factory.support.DefaultListableBeanFactory - Creating instance of bean &apos;sqlSessionFactory&apos;
16:26:31.780 [main] DEBUG org.springframework.beans.factory.support.DefaultListableBeanFactory - Eagerly caching bean &apos;sqlSessionFactory&apos; to allow for resolving potential circular references
16:26:31.785 [main] DEBUG org.springframework.beans.factory.support.DefaultListableBeanFactory - Creating shared instance of singleton bean &apos;dataSource&apos;
16:26:31.786 [main] DEBUG org.springframework.beans.factory.support.DefaultListableBeanFactory - Creating instance of bean &apos;dataSource&apos;
16:26:31.826 [main] DEBUG org.springframework.beans.factory.support.DefaultListableBeanFactory - Eagerly caching bean &apos;dataSource&apos; to allow for resolving potential circular references
16:26:31.884 [main] DEBUG org.springframework.beans.factory.support.DefaultListableBeanFactory - Creating shared instance of singleton bean &apos;cfg&apos;
16:26:31.884 [main] DEBUG org.springframework.beans.factory.support.DefaultListableBeanFactory - Creating instance of bean &apos;cfg&apos;
16:26:31.885 [main] DEBUG org.springframework.beans.factory.support.DefaultListableBeanFactory - Eagerly caching bean &apos;cfg&apos; to allow for resolving potential circular references
16:26:31.898 [main] DEBUG org.springframework.beans.factory.support.DefaultListableBeanFactory - Invoking afterPropertiesSet() on bean with name &apos;cfg&apos;
16:26:31.898 [main] DEBUG org.springframework.beans.factory.config.PropertiesFactoryBean - Loading properties file from class path resource [configure.properties]
16:26:31.899 [main] DEBUG org.springframework.beans.factory.support.DefaultListableBeanFactory - Returning cached instance of singleton bean &apos;org.springframework.transaction.config.internalTransactionAdvisor&apos;
16:26:31.900 [main] DEBUG org.springframework.beans.factory.support.DefaultListableBeanFactory - Finished creating instance of bean &apos;cfg&apos;
16:26:31.900 [main] DEBUG org.springframework.beans.factory.support.DefaultListableBeanFactory - Returning cached instance of singleton bean &apos;org.springframework.transaction.config.internalTransactionAdvisor&apos;
16:26:31.915 [main] DEBUG org.springframework.beans.factory.support.DefaultListableBeanFactory - Returning cached instance of singleton bean &apos;cfg&apos;
16:26:31.915 [main] DEBUG org.springframework.beans.factory.support.DefaultListableBeanFactory - Returning cached instance of singleton bean &apos;cfg&apos;
[...]
	at org.springframework.beans.factory.support.AbstractAutowireCapableBeanFactory.doCreateBean(AbstractAutowireCapableBeanFactory.java:583) ~[spring-beans-5.0.2.RELEASE.jar:5.0.2.RELEASE]
	at org.springframework.beans.factory.support.AbstractAutowireCapableBeanFactory.createBean(AbstractAutowireCapableBeanFactory.java:502) ~[spring-beans-5.0.2.RELEASE.jar:5.0.2.RELEASE]
	at org.springframework.beans.factory.support.AbstractBeanFactory.lambda$doGetBean$0(AbstractBeanFactory.java:312) ~[spring-beans-5.0.2.RELEASE.jar:5.0.2.RELEASE]
	at org.springframework.beans.factory.support.DefaultSingletonBeanRegistry.getSingleton(DefaultSingletonBeanRegistry.java:228) ~[spring-beans-5.0.2.RELEASE.jar:5.0.2.RELEASE]
	at org.springframework.beans.factory.support.AbstractBeanFactory.doGetBean(AbstractBeanFactory.java:310) ~[spring-beans-5.0.2.RELEASE.jar:5.0.2.RELEASE]
	at org.springframework.beans.factory.support.AbstractBeanFactory.getBean(AbstractBeanFactory.java:200) ~[spring-beans-5.0.2.RELEASE.jar:5.0.2.RELEASE]
	at org.springframework.beans.factory.support.BeanDefinitionValueResolver.resolveReference(BeanDefinitionValueResolver.java:367) ~[spring-beans-5.0.2.RELEASE.jar:5.0.2.RELEASE]
	at org.springframework.beans.factory.support.BeanDefinitionValueResolver.resolveValueIfNecessary(BeanDefinitionValueResolver.java:110) ~[spring-beans-5.0.2.RELEASE.jar:5.0.2.RELEASE]
	at org.springframework.beans.factory.support.AbstractAutowireCapableBeanFactory.applyPropertyValues(AbstractAutowireCapableBeanFactory.java:1613) ~[spring-beans-5.0.2.RELEASE.jar:5.0.2.RELEASE]
	at org.springframework.beans.factory.support.AbstractAutowireCapableBeanFactory.populateBean(AbstractAutowireCapableBeanFactory.java:1357) ~[spring-beans-5.0.2.RELEASE.jar:5.0.2.RELEASE]
	at org.springframework.beans.factory.support.AbstractAutowireCapableBeanFactory.doCreateBean(AbstractAutowireCapableBeanFactory.java:582) ~[spring-beans-5.0.2.RELEASE.jar:5.0.2.RELEASE]
	at org.springframework.beans.factory.support.AbstractAutowireCapableBeanFactory.createBean(AbstractAutowireCapableBeanFactory.java:502) ~[spring-beans-5.0.2.RELEASE.jar:5.0.2.RELEASE]
	at org.springframework.beans.factory.support.AbstractBeanFactory.lambda$doGetBean$0(AbstractBeanFactory.java:312) ~[spring-beans-5.0.2.RELEASE.jar:5.0.2.RELEASE]
	at org.springframework.beans.factory.support.DefaultSingletonBeanRegistry.getSingleton(DefaultSingletonBeanRegistry.java:228) ~[spring-beans-5.0.2.RELEASE.jar:5.0.2.RELEASE]
	at org.springframework.beans.factory.support.AbstractBeanFactory.doGetBean(AbstractBeanFactory.java:310) ~[spring-beans-5.0.2.RELEASE.jar:5.0.2.RELEASE]
	at org.springframework.beans.factory.support.AbstractBeanFactory.getBean(AbstractBeanFactory.java:200) ~[spring-beans-5.0.2.RELEASE.jar:5.0.2.RELEASE]
	at org.springframework.beans.factory.config.DependencyDescriptor.resolveCandidate(DependencyDescriptor.java:251) ~[spring-beans-5.0.2.RELEASE.jar:5.0.2.RELEASE]
	at org.springframework.beans.factory.support.DefaultListableBeanFactory.doResolveDependency(DefaultListableBeanFactory.java:1135) ~[spring-beans-5.0.2.RELEASE.jar:5.0.2.RELEASE]
	at org.springframework.beans.factory.support.DefaultListableBeanFactory.resolveDependency(DefaultListableBeanFactory.java:1062) ~[spring-beans-5.0.2.RELEASE.jar:5.0.2.RELEASE]
	at org.springframework.beans.factory.support.AbstractAutowireCapableBeanFactory.autowireByType(AbstractAutowireCapableBeanFactory.java:1424) ~[spring-beans-5.0.2.RELEASE.jar:5.0.2.RELEASE]
	at org.springframework.beans.factory.support.AbstractAutowireCapableBeanFactory.populateBean(AbstractAutowireCapableBeanFactory.java:1326) ~[spring-beans-5.0.2.RELEASE.jar:5.0.2.RELEASE]
	at org.springframework.beans.factory.support.AbstractAutowireCapableBeanFactory.doCreateBean(AbstractAutowireCapableBeanFactory.java:582) ~[spring-beans-5.0.2.RELEASE.jar:5.0.2.RELEASE]
	at org.springframework.beans.factory.support.AbstractAutowireCapableBeanFactory.createBean(AbstractAutowireCapableBeanFactory.java:502) ~[spring-beans-5.0.2.RELEASE.jar:5.0.2.RELEASE]
	at org.springframework.beans.factory.support.AbstractBeanFactory.lambda$doGetBean$0(AbstractBeanFactory.java:312) ~[spring-beans-5.0.2.RELEASE.jar:5.0.2.RELEASE]
	at org.springframework.beans.factory.support.DefaultSingletonBeanRegistry.getSingleton(DefaultSingletonBeanRegistry.java:228) [spring-beans-5.0.2.RELEASE.jar:5.0.2.RELEASE]
	at org.springframework.beans.factory.support.AbstractBeanFactory.doGetBean(AbstractBeanFactory.java:310) [spring-beans-5.0.2.RELEASE.jar:5.0.2.RELEASE]
	at org.springframework.beans.factory.support.AbstractBeanFactory.getBean(AbstractBeanFactory.java:200) [spring-beans-5.0.2.RELEASE.jar:5.0.2.RELEASE]
	at org.springframework.beans.factory.support.DefaultListableBeanFactory.preInstantiateSingletons(DefaultListableBeanFactory.java:742) [spring-beans-5.0.2.RELEASE.jar:5.0.2.RELEASE]
	at org.springframework.context.support.AbstractApplicationContext.finishBeanFactoryInitialization(AbstractApplicationContext.java:868) [spring-context-5.0.2.RELEASE.jar:5.0.2.RELEASE]
	at org.springframework.context.support.AbstractApplicationContext.refresh(AbstractApplicationContext.java:549) [spring-context-5.0.2.RELEASE.jar:5.0.2.RELEASE]
	at org.springframework.context.support.ClassPathXmlApplicationContext.&lt;init&gt;(ClassPathXmlApplicationContext.java:144) [spring-context-5.0.2.RELEASE.jar:5.0.2.RELEASE]
	at org.springframework.context.support.ClassPathXmlApplicationContext.&lt;init&gt;(ClassPathXmlApplicationContext.java:85) [spring-context-5.0.2.RELEASE.jar:5.0.2.RELEASE]
	at testDAO.TestCase.testMapper(TestCase.java:13) [test-classes/:?]
	at sun.reflect.NativeMethodAccessorImpl.invoke0(Native Method) ~[?:1.8.0_221]
	at sun.reflect.NativeMethodAccessorImpl.invoke(NativeMethodAccessorImpl.java:62) ~[?:1.8.0_221]
	at sun.reflect.DelegatingMethodAccessorImpl.invoke(DelegatingMethodAccessorImpl.java:43) ~[?:1.8.0_221]
	at java.lang.reflect.Method.invoke(Method.java:498) ~[?:1.8.0_221]
	at org.apache.maven.surefire.junit.PojoTestSet.executeTestMethod(PojoTestSet.java:151) [surefire-junit3-2.12.4.jar:2.12.4]
	at org.apache.maven.surefire.junit.PojoTestSet.executeTestMethods(PojoTestSet.java:102) [surefire-junit3-2.12.4.jar:2.12.4]
	at org.apache.maven.surefire.junit.PojoTestSet.execute(PojoTestSet.java:83) [surefire-junit3-2.12.4.jar:2.12.4]
	at org.apache.maven.surefire.junit.JUnit3Provider.executeTestSet(JUnit3Provider.java:121) [surefire-junit3-2.12.4.jar:2.12.4]
	at org.apache.maven.surefire.junit.JUnit3Provider.invoke(JUnit3Provider.java:98) [surefire-junit3-2.12.4.jar:2.12.4]
	at sun.reflect.NativeMethodAccessorImpl.invoke0(Native Method) ~[?:1.8.0_221]
	at sun.reflect.NativeMethodAccessorImpl.invoke(NativeMethodAccessorImpl.java:62) ~[?:1.8.0_221]
	at sun.reflect.DelegatingMethodAccessorImpl.invoke(DelegatingMethodAccessorImpl.java:43) ~[?:1.8.0_221]
	at java.lang.reflect.Method.invoke(Method.java:498) ~[?:1.8.0_221]
	at org.apache.maven.surefire.util.ReflectionUtils.invokeMethodWithArray(ReflectionUtils.java:189) [surefire-api-2.12.4.jar:2.12.4]
	at org.apache.maven.surefire.booter.ProviderFactory$ProviderProxy.invoke(ProviderFactory.java:165) [surefire-booter-2.12.4.jar:2.12.4]
	at org.apache.maven.surefire.booter.ProviderFactory.invokeProvider(ProviderFactory.java:85) [surefire-booter-2.12.4.jar:2.12.4]
	at org.apache.maven.surefire.booter.ForkedBooter.runSuitesInProcess(ForkedBooter.java:115) [surefire-booter-2.12.4.jar:2.12.4]
	at org.apache.maven.surefire.booter.ForkedBooter.main(ForkedBooter.java:75) [surefire-booter-2.12.4.jar:2.12.4]
16:26:32.300 [main] ERROR com.alibaba.druid.pool.DruidDataSource - {dataSource-1} init error
java.sql.SQLException: Access denied for user &apos;root&apos;@&apos;localhost&apos; (using password: YES)
	at com.mysql.cj.jdbc.exceptions.SQLError.createSQLException(SQLError.java:127) ~[mysql-connector-java-8.0.11.jar:8.0.11]
	at com.mysql.cj.jdbc.exceptions.SQLError.createSQLException(SQLError.java:95) ~[mysql-connector-java-8.0.11.jar:8.0.11]
	at com.mysql.cj.jdbc.exceptions.SQLExceptionsMapping.translateException(SQLExceptionsMapping.java:122) ~[mysql-connector-java-8.0.11.jar:8.0.11]
	at com.mysql.cj.jdbc.ConnectionImpl.createNewIO(ConnectionImpl.java:862) ~[mysql-connector-java-8.0.11.jar:8.0.11]
	at com.mysql.cj.jdbc.ConnectionImpl.&lt;init&gt;(ConnectionImpl.java:444) ~[mysql-connector-java-8.0.11.jar:8.0.11]
	at com.mysql.cj.jdbc.ConnectionImpl.getInstance(ConnectionImpl.java:230) ~[mysql-connector-java-8.0.11.jar:8.0.11]
	at com.mysql.cj.jdbc.NonRegisteringDriver.connect(NonRegisteringDriver.java:226) ~[mysql-connector-java-8.0.11.jar:8.0.11]
	at com.alibaba.druid.pool.DruidAbstractDataSource.createPhysicalConnection(DruidAbstractDataSource.java:1510) ~[druid-1.1.6.jar:1.1.6]
	at com.alibaba.druid.pool.DruidAbstractDataSource.createPhysicalConnection(DruidAbstractDataSource.java:1575) ~[druid-1.1.6.jar:1.1.6]
	at com.alibaba.druid.pool.DruidDataSource.init(DruidDataSource.java:854) ~[druid-1.1.6.jar:1.1.6]
	at sun.reflect.NativeMethodAccessorImpl.invoke0(Native Method) ~[?:1.8.0_221]
	at sun.reflect.NativeMethodAccessorImpl.invoke(NativeMethodAccessorImpl.java:62) ~[?:1.8.0_221]
	at sun.reflect.DelegatingMethodAccessorImpl.invoke(DelegatingMethodAccessorImpl.java:43) ~[?:1.8.0_221]
	at java.lang.reflect.Method.invoke(Method.java:498) ~[?:1.8.0_221]
	at org.springframework.beans.factory.support.AbstractAutowireCapableBeanFactory.invokeCustomInitMethod(AbstractAutowireCapableBeanFactory.java:1835) ~[spring-beans-5.0.2.RELEASE.jar:5.0.2.RELEASE]
	at org.springframework.beans.factory.support.AbstractAutowireCapableBeanFactory.invokeInitMethods(AbstractAutowireCapableBeanFactory.java:1778) ~[spring-beans-5.0.2.RELEASE.jar:5.0.2.RELEASE]
	at org.springframework.beans.factory.support.AbstractAutowireCapableBeanFactory.initializeBean(AbstractAutowireCapableBeanFactory.java:1706) ~[spring-beans-5.0.2.RELEASE.jar:5.0.2.RELEASE]
	at org.springframework.beans.factory.support.AbstractAutowireCapableBeanFactory.doCreateBean(AbstractAutowireCapableBeanFactory.java:583) ~[spring-beans-5.0.2.RELEASE.jar:5.0.2.RELEASE]
	at org.springframework.beans.factory.support.AbstractAutowireCapableBeanFactory.createBean(AbstractAutowireCapableBeanFactory.java:502) ~[spring-beans-5.0.2.RELEASE.jar:5.0.2.RELEASE]
	at org.springframework.beans.factory.support.AbstractBeanFactory.lambda$doGetBean$0(AbstractBeanFactory.java:312) ~[spring-beans-5.0.2.RELEASE.jar:5.0.2.RELEASE]
	at org.springframework.beans.factory.support.DefaultSingletonBeanRegistry.getSingleton(DefaultSingletonBeanRegistry.java:228) ~[spring-beans-5.0.2.RELEASE.jar:5.0.2.RELEASE]
	at org.springframework.beans.factory.support.AbstractBeanFactory.doGetBean(AbstractBeanFactory.java:310) ~[spring-beans-5.0.2.RELEASE.jar:5.0.2.RELEASE]
	at org.springframework.beans.factory.support.AbstractBeanFactory.getBean(AbstractBeanFactory.java:200) ~[spring-beans-5.0.2.RELEASE.jar:5.0.2.RELEASE]
	at org.springframework.beans.factory.support.BeanDefinitionValueResolver.resolveReference(BeanDefinitionValueResolver.java:367) ~[spring-beans-5.0.2.RELEASE.jar:5.0.2.RELEASE]
	at org.springframework.beans.factory.support.BeanDefinitionValueResolver.resolveValueIfNecessary(BeanDefinitionValueResolver.java:110) ~[spring-beans-5.0.2.RELEASE.jar:5.0.2.RELEASE]
	at org.springframework.beans.factory.support.AbstractAutowireCapableBeanFactory.applyPropertyValues(AbstractAutowireCapableBeanFactory.java:1613) ~[spring-beans-5.0.2.RELEASE.jar:5.0.2.RELEASE]
	at org.springframework.beans.factory.support.AbstractAutowireCapableBeanFactory.populateBean(AbstractAutowireCapableBeanFactory.java:1357) ~[spring-beans-5.0.2.RELEASE.jar:5.0.2.RELEASE]
	at org.springframework.beans.factory.support.AbstractAutowireCapableBeanFactory.doCreateBean(AbstractAutowireCapableBeanFactory.java:582) ~[spring-beans-5.0.2.RELEASE.jar:5.0.2.RELEASE]
	at org.springframework.beans.factory.support.AbstractAutowireCapableBeanFactory.createBean(AbstractAutowireCapableBeanFactory.java:502) ~[spring-beans-5.0.2.RELEASE.jar:5.0.2.RELEASE]
	at org.springframework.beans.factory.support.AbstractBeanFactory.lambda$doGetBean$0(AbstractBeanFactory.java:312) ~[spring-beans-5.0.2.RELEASE.jar:5.0.2.RELEASE]
	at org.springframework.beans.factory.support.DefaultSingletonBeanRegistry.getSingleton(DefaultSingletonBeanRegistry.java:228) ~[spring-beans-5.0.2.RELEASE.jar:5.0.2.RELEASE]
	at org.springframework.beans.factory.support.AbstractBeanFactory.doGetBean(AbstractBeanFactory.java:310) ~[spring-beans-5.0.2.RELEASE.jar:5.0.2.RELEASE]
	at org.springframework.beans.factory.support.AbstractBeanFactory.getBean(AbstractBeanFactory.java:200) ~[spring-beans-5.0.2.RELEASE.jar:5.0.2.RELEASE]
	at org.springframework.beans.factory.config.DependencyDescriptor.resolveCandidate(DependencyDescriptor.java:251) ~[spring-beans-5.0.2.RELEASE.jar:5.0.2.RELEASE]
	at org.springframework.beans.factory.support.DefaultListableBeanFactory.doResolveDependency(DefaultListableBeanFactory.java:1135) ~[spring-beans-5.0.2.RELEASE.jar:5.0.2.RELEASE]
	at org.springframework.beans.factory.support.DefaultListableBeanFactory.resolveDependency(DefaultListableBeanFactory.java:1062) ~[spring-beans-5.0.2.RELEASE.jar:5.0.2.RELEASE]
	at org.springframework.beans.factory.support.AbstractAutowireCapableBeanFactory.autowireByType(AbstractAutowireCapableBeanFactory.java:1424) ~[spring-beans-5.0.2.RELEASE.jar:5.0.2.RELEASE]
	at org.springframework.beans.factory.support.AbstractAutowireCapableBeanFactory.populateBean(AbstractAutowireCapableBeanFactory.java:1326) ~[spring-beans-5.0.2.RELEASE.jar:5.0.2.RELEASE]
	at org.springframework.beans.factory.support.AbstractAutowireCapableBeanFactory.doCreateBean(AbstractAutowireCapableBeanFactory.java:582) ~[spring-beans-5.0.2.RELEASE.jar:5.0.2.RELEASE]
	at org.springframework.beans.factory.support.AbstractAutowireCapableBeanFactory.createBean(AbstractAutowireCapableBeanFactory.java:502) ~[spring-beans-5.0.2.RELEASE.jar:5.0.2.RELEASE]
	at org.springframework.beans.factory.support.AbstractBeanFactory.lambda$doGetBean$0(AbstractBeanFactory.java:312) ~[spring-beans-5.0.2.RELEASE.jar:5.0.2.RELEASE]
	at org.springframework.beans.factory.support.DefaultSingletonBeanRegistry.getSingleton(DefaultSingletonBeanRegistry.java:228) [spring-beans-5.0.2.RELEASE.jar:5.0.2.RELEASE]
	at org.springframework.beans.factory.support.AbstractBeanFactory.doGetBean(AbstractBeanFactory.java:310) [spring-beans-5.0.2.RELEASE.jar:5.0.2.RELEASE]
	at org.springframework.beans.factory.support.AbstractBeanFactory.getBean(AbstractBeanFactory.java:200) [spring-beans-5.0.2.RELEASE.jar:5.0.2.RELEASE]
	at org.springframework.beans.factory.support.DefaultListableBeanFactory.preInstantiateSingletons(DefaultListableBeanFactory.java:742) [spring-beans-5.0.2.RELEASE.jar:5.0.2.RELEASE]
	at org.springframework.context.support.AbstractApplicationContext.finishBeanFactoryInitialization(AbstractApplicationContext.java:868) [spring-context-5.0.2.RELEASE.jar:5.0.2.RELEASE]
	at org.springframework.context.support.AbstractApplicationContext.refresh(AbstractApplicationContext.java:549) [spring-context-5.0.2.RELEASE.jar:5.0.2.RELEASE]
	at org.springframework.context.support.ClassPathXmlApplicationContext.&lt;init&gt;(ClassPathXmlApplicationContext.java:144) [spring-context-5.0.2.RELEASE.jar:5.0.2.RELEASE]
	at org.springframework.context.support.ClassPathXmlApplicationContext.&lt;init&gt;(ClassPathXmlApplicationContext.java:85) [spring-context-5.0.2.RELEASE.jar:5.0.2.RELEASE]
	at testDAO.TestCase.testMapper(TestCase.java:13) [test-classes/:?]
	at sun.reflect.NativeMethodAccessorImpl.invoke0(Native Method) ~[?:1.8.0_221]
	at sun.reflect.NativeMethodAccessorImpl.invoke(NativeMethodAccessorImpl.java:62) ~[?:1.8.0_221]
	at sun.reflect.DelegatingMethodAccessorImpl.invoke(DelegatingMethodAccessorImpl.java:43) ~[?:1.8.0_221]
	at java.lang.reflect.Method.invoke(Method.java:498) ~[?:1.8.0_221]
	at org.apache.maven.surefire.junit.PojoTestSet.executeTestMethod(PojoTestSet.java:151) [surefire-junit3-2.12.4.jar:2.12.4]
	at org.apache.maven.surefire.junit.PojoTestSet.executeTestMethods(PojoTestSet.java:102) [surefire-junit3-2.12.4.jar:2.12.4]
	at org.apache.maven.surefire.junit.PojoTestSet.execute(PojoTestSet.java:83) [surefire-junit3-2.12.4.jar:2.12.4]
	at org.apache.maven.surefire.junit.JUnit3Provider.executeTestSet(JUnit3Provider.java:121) [surefire-junit3-2.12.4.jar:2.12.4]
	at org.apache.maven.surefire.junit.JUnit3Provider.invoke(JUnit3Provider.java:98) [surefire-junit3-2.12.4.jar:2.12.4]
	at sun.reflect.NativeMethodAccessorImpl.invoke0(Native Method) ~[?:1.8.0_221]
	at sun.reflect.NativeMethodAccessorImpl.invoke(NativeMethodAccessorImpl.java:62) ~[?:1.8.0_221]
	at sun.reflect.DelegatingMethodAccessorImpl.invoke(DelegatingMethodAccessorImpl.java:43) ~[?:1.8.0_221]
	at java.lang.reflect.Method.invoke(Method.java:498) ~[?:1.8.0_221]
	at org.apache.maven.surefire.util.ReflectionUtils.invokeMethodWithArray(ReflectionUtils.java:189) [surefire-api-2.12.4.jar:2.12.4]
	at org.apache.maven.surefire.booter.ProviderFactory$ProviderProxy.invoke(ProviderFactory.java:165) [surefire-booter-2.12.4.jar:2.12.4]
	at org.apache.maven.surefire.booter.ProviderFactory.invokeProvider(ProviderFactory.java:85) [surefire-booter-2.12.4.jar:2.12.4]
	at org.apache.maven.surefire.booter.ForkedBooter.runSuitesInProcess(ForkedBooter.java:115) [surefire-booter-2.12.4.jar:2.12.4]
	at org.apache.maven.surefire.booter.ForkedBooter.main(ForkedBooter.java:75) [surefire-booter-2.12.4.jar:2.12.4]
16:26:32.301 [main] INFO  com.alibaba.druid.pool.DruidDataSource - {dataSource-1} inited
16:26:32.303 [main] WARN  org.springframework.context.support.ClassPathXmlApplicationContext - Exception encountered during context initialization - cancelling refresh attempt: org.springframework.beans.factory.UnsatisfiedDependencyException: Error creating bean with name &apos;userDAO&apos; defined in file [/Users/dachuan/Projects58Core/springbootcode/mapper/mapper/target/classes/dao/UserDAO.class]: Unsatisfied dependency expressed through bean property &apos;sqlSessionFactory&apos;; nested exception is org.springframework.beans.factory.BeanCreationException: Error creating bean with name &apos;sqlSessionFactory&apos; defined in class path resource [spring-mybatis.xml]: Cannot resolve reference to bean &apos;dataSource&apos; while setting bean property &apos;dataSource&apos;; nested exception is org.springframework.beans.factory.BeanCreationException: Error creating bean with name &apos;dataSource&apos; defined in class path resource [spring-mybatis.xml]: Invocation of init method failed; nested exception is java.sql.SQLException: Access denied for user &apos;root&apos;@&apos;localhost&apos; (using password: YES)
16:26:32.303 [main] DEBUG org.springframework.beans.factory.support.DefaultListableBeanFactory - Destroying singletons in org.springframework.beans.factory.support.DefaultListableBeanFactory@6c6cb480: defining beans [org.springframework.context.annotation.internalConfigurationAnnotationProcessor,org.springframework.context.annotation.internalAutowiredAnnotationProcessor,org.springframework.context.annotation.internalRequiredAnnotationProcessor,org.springframework.context.annotation.internalCommonAnnotationProcessor,org.springframework.context.event.internalEventListenerProcessor,org.springframework.context.event.internalEventListenerFactory,cfg,dataSource,sqlSessionFactory,org.mybatis.spring.mapper.MapperScannerConfigurer#0,txManager,org.springframework.transaction.config.internalTransactionalEventListenerFactory,org.springframework.aop.config.internalAutoProxyCreator,org.springframework.transaction.annotation.AnnotationTransactionAttributeSource#0,org.springframework.transaction.interceptor.TransactionInterceptor#0,org.springframework.transaction.config.internalTransactionAdvisor,userDAO]; root of factory hierarchy
</system-out>
  </testcase>
</testsuite>